<?xml version='1.0' encoding='UTF-8'?>
<hotspot_log version='160 1' process='28608' time_ms='1700539760072'>
<vm_version>
<name>
Java HotSpot(TM) 64-Bit Server VM
</name>
<release>
25.51-b03
</release>
<info>
Java HotSpot(TM) 64-Bit Server VM (25.51-b03) for windows-amd64 JRE (1.8.0_51-b16), built on Jun  8 2015 18:03:07 by &quot;java_re&quot; with MS VC++ 10.0 (VS2010)
</info>
</vm_version>
<vm_arguments>
<args>
-XX:+UnlockDiagnosticVMOptions -XX:+LogCompilation 
</args>
<command>
Main 500
</command>
<launcher>
SUN_STANDARD
</launcher>
<properties>
java.vm.specification.name=Java Virtual Machine Specification
java.vm.version=25.51-b03
java.vm.name=Java HotSpot(TM) 64-Bit Server VM
java.vm.info=mixed mode, sharing
java.ext.dirs=C:\Program Files\Java\jre1.8.0_51\lib\ext;C:\WINDOWS\Sun\Java\lib\ext
java.endorsed.dirs=C:\Program Files\Java\jre1.8.0_51\lib\endorsed
sun.boot.library.path=C:\Program Files\Java\jre1.8.0_51\bin
java.library.path=C:\ProgramData\Oracle\Java\javapath;C:\WINDOWS\Sun\Java\bin;C:\WINDOWS\system32;C:\WINDOWS;C:\ProgramData\Oracle\Java\javapath;C:\Program Files (x86)\Microsoft SDKs\Azure\CLI2\wbin;C:\Program Files\Common Files\Oracle\Java\javapath;C:\WINDOWS\system32;C:\WINDOWS;C:\WINDOWS\System32\Wbem;C:\WINDOWS\System32\WindowsPowerShell\v1.0\;C:\WINDOWS\System32\OpenSSH\;C:\Program Files\dotnet\;C:\Program Files\Microsoft SQL Server\130\Tools\Binn\;C:\Program Files\Git\cmd;C:\Program Files\nodejs\;C:\Java\jdk-11.0.2\bin;C:\Program Files\Microsoft\Azure Functions Core Tools\;C:\Java\apache-maven-3.8.3\bin;C:\Program Files\PowerShell\7\;C:\Java\gradle-7.5.1\bin;C:\Program Files\GitHub CLI\;C:\Java\kafka_2.13-3.2.1\bin\windows;C:\Program Files\OpenSSL-Win64\bin;;C:\Program Files\NVIDIA Corporation\NVIDIA NvDLISR;C:\WINDOWS\system32;C:\WINDOWS;C:\WINDOWS\System32\Wbem;C:\WINDOWS\System32\WindowsPowerShell\v1.0\;C:\WINDOWS\System32\OpenSSH\;C:\Program Files (x86)\NVIDIA Corporation\PhysX\Common;C:\Users\conoc\AppData\Local\Microsoft\WindowsApps;C:\Users\conoc\.dotnet\tools;C:\Program Files\JetBrains\WebStorm 2021.2.1\bin;;C:\Users\conoc\AppData\Roaming\npm;;C:\Program Files\JetBrains\IntelliJ IDEA 2021.2.2\bin;;C:\Users\conoc\AppData\Local\Programs\Microsoft VS Code\bin;.
java.home=C:\Program Files\Java\jre1.8.0_51
java.class.path=.
sun.boot.class.path=C:\Program Files\Java\jre1.8.0_51\lib\resources.jar;C:\Program Files\Java\jre1.8.0_51\lib\rt.jar;C:\Program Files\Java\jre1.8.0_51\lib\sunrsasign.jar;C:\Program Files\Java\jre1.8.0_51\lib\jsse.jar;C:\Program Files\Java\jre1.8.0_51\lib\jce.jar;C:\Program Files\Java\jre1.8.0_51\lib\charsets.jar;C:\Program Files\Java\jre1.8.0_51\lib\jfr.jar;C:\Program Files\Java\jre1.8.0_51\classes
java.vm.specification.vendor=Oracle Corporation
java.vm.specification.version=1.8
java.vm.vendor=Oracle Corporation
sun.java.command=Main 500
sun.java.launcher=SUN_STANDARD
</properties>
</vm_arguments>
<tty>
<writer thread='27632'/>
<thread_logfile thread='27632' filename='C:\Users\conoc\AppData\Local\Temp\\hs_c27632_pid28608.log'/>
<writer thread='6728'/>
<thread_logfile thread='6728' filename='C:\Users\conoc\AppData\Local\Temp\\hs_c6728_pid28608.log'/>
<writer thread='4808'/>
<task_queued compile_id='1' method='java/lang/Object &lt;init&gt; ()V' bytes='1' count='1408' iicount='1408' level='3' stamp='0.034' comment='tiered' hot_count='1408'/>
<writer thread='1824'/>
<thread_logfile thread='1824' filename='C:\Users\conoc\AppData\Local\Temp\\hs_c1824_pid28608.log'/>
<writer thread='18840'/>
<thread_logfile thread='18840' filename='C:\Users\conoc\AppData\Local\Temp\\hs_c18840_pid28608.log'/>
<writer thread='4808'/>
<task_queued compile_id='2' method='java/lang/String hashCode ()I' bytes='55' count='399' backedge_count='5120' iicount='399' level='3' stamp='0.034' comment='tiered' hot_count='399'/>
<blob name='MethodHandlesAdapterBlob' size='32000'>
<sect index='1' size='32000' free='31628'/>
</blob>
<task_queued compile_id='3' method='java/lang/String charAt (I)C' bytes='29' count='1664' iicount='1664' level='3' stamp='0.035' comment='tiered' hot_count='1664'/>
<writer thread='1824'/>
<nmethod compile_id='2' compiler='C1' level='3' entry='0x00000000031705c0' size='1224' address='0x0000000003170450' relocation_offset='288' insts_offset='368' stub_offset='880' scopes_data_offset='1032' scopes_pcs_offset='1104' dependencies_offset='1200' nul_chk_table_offset='1208' method='java/lang/String hashCode ()I' bytes='55' count='420' backedge_count='5625' iicount='420' stamp='0.035'/>
<nmethod compile_id='3' compiler='C1' level='3' entry='0x000000000316fa00' size='1192' address='0x000000000316f890' relocation_offset='288' insts_offset='368' stub_offset='816' scopes_data_offset='992' scopes_pcs_offset='1056' dependencies_offset='1168' nul_chk_table_offset='1176' method='java/lang/String charAt (I)C' bytes='29' count='1721' iicount='1721' stamp='0.035'/>
<nmethod compile_id='1' compiler='C1' level='3' entry='0x000000000316f5a0' size='776' address='0x000000000316f450' relocation_offset='288' insts_offset='336' stub_offset='528' scopes_data_offset='680' scopes_pcs_offset='704' dependencies_offset='768' method='java/lang/Object &lt;init&gt; ()V' bytes='1' count='1437' iicount='1437' stamp='0.035'/>
<writer thread='4808'/>
<task_queued compile_id='4' method='java/lang/AbstractStringBuilder ensureCapacityInternal (I)V' bytes='16' count='256' iicount='256' level='3' stamp='0.036' comment='tiered' hot_count='256'/>
<task_queued compile_id='5' method='java/lang/CharacterData of (I)Ljava/lang/CharacterData;' bytes='120' count='768' iicount='768' level='3' stamp='0.036' comment='tiered' hot_count='768'/>
<task_queued compile_id='6' method='java/lang/CharacterDataLatin1 getProperties (I)I' bytes='11' count='768' iicount='768' level='3' stamp='0.036' comment='tiered' hot_count='768'/>
<task_queued compile_id='7' method='java/lang/Character toLowerCase (I)I' bytes='9' count='768' iicount='768' level='3' stamp='0.036' comment='tiered' hot_count='768'/>
<task_queued compile_id='8' method='java/lang/CharacterDataLatin1 toLowerCase (I)I' bytes='39' count='768' iicount='768' level='3' stamp='0.036' comment='tiered' hot_count='768'/>
<writer thread='1824'/>
<nmethod compile_id='4' compiler='C1' level='3' entry='0x0000000003171c40' size='1112' address='0x0000000003171ad0' relocation_offset='288' insts_offset='368' stub_offset='784' scopes_data_offset='968' scopes_pcs_offset='1008' dependencies_offset='1088' nul_chk_table_offset='1096' method='java/lang/AbstractStringBuilder ensureCapacityInternal (I)V' bytes='16' count='312' iicount='312' stamp='0.036'/>
<writer thread='4808'/>
<nmethod compile_id='9' compile_kind='c2n' level='0' entry='0x0000000003171880' size='912' address='0x0000000003171710' relocation_offset='288' consts_offset='912' insts_offset='368' method='java/lang/System arraycopy (Ljava/lang/Object;ILjava/lang/Object;II)V' bytes='0' count='640' iicount='640' stamp='0.036'/>
<writer thread='1824'/>
<nmethod compile_id='5' compiler='C1' level='3' entry='0x000000000317b3c0' size='2472' address='0x000000000317b210' relocation_offset='288' insts_offset='432' stub_offset='1744' scopes_data_offset='1896' scopes_pcs_offset='2072' dependencies_offset='2408' nul_chk_table_offset='2416' method='java/lang/CharacterData of (I)Ljava/lang/CharacterData;' bytes='120' count='918' iicount='918' stamp='0.036'/>
<writer thread='4808'/>
<task_queued compile_id='10' method='java/lang/AbstractStringBuilder append (C)Ljava/lang/AbstractStringBuilder;' bytes='29' count='384' iicount='384' level='3' stamp='0.036' comment='tiered' hot_count='384'/>
<task_queued compile_id='11' method='java/lang/Object &lt;init&gt; ()V' bytes='1' count='1536' iicount='1536' level='1' stamp='0.036' comment='tiered' hot_count='1536'/>
<writer thread='1824'/>
<nmethod compile_id='11' compiler='C1' level='1' entry='0x00000000031715a0' size='688' address='0x0000000003171450' relocation_offset='288' insts_offset='336' stub_offset='464' scopes_data_offset='616' scopes_pcs_offset='632' dependencies_offset='680' method='java/lang/Object &lt;init&gt; ()V' bytes='1' count='1555' iicount='1555' stamp='0.037'/>
<make_not_entrant thread='1824' compile_id='1' compiler='C1' level='3' stamp='0.037'/>
<writer thread='4808'/>
<task_queued compile_id='12' method='java/lang/String length ()I' bytes='6' count='512' iicount='512' level='3' stamp='0.037' comment='tiered' hot_count='512'/>
<writer thread='1824'/>
<nmethod compile_id='6' compiler='C1' level='3' entry='0x0000000003171120' size='936' address='0x0000000003170fd0' relocation_offset='288' insts_offset='336' stub_offset='592' scopes_data_offset='744' scopes_pcs_offset='808' dependencies_offset='904' nul_chk_table_offset='912' method='java/lang/CharacterDataLatin1 getProperties (I)I' bytes='11' count='1047' iicount='1047' stamp='0.037'/>
<writer thread='4808'/>
<task_queued compile_id='13' method='java/lang/StringBuilder append (C)Ljava/lang/StringBuilder;' bytes='8' count='384' iicount='384' level='3' stamp='0.037' comment='tiered' hot_count='384'/>
<task_queued compile_id='14' method='java/io/WinNTFileSystem isSlash (C)Z' bytes='18' count='384' iicount='384' level='3' stamp='0.037' comment='tiered' hot_count='384'/>
<writer thread='1824'/>
<nmethod compile_id='7' compiler='C1' level='3' entry='0x000000000317af00' size='1104' address='0x000000000317ad90' relocation_offset='288' insts_offset='368' stub_offset='752' scopes_data_offset='944' scopes_pcs_offset='984' dependencies_offset='1080' nul_chk_table_offset='1088' method='java/lang/Character toLowerCase (I)I' bytes='9' count='1153' iicount='1153' stamp='0.037'/>
<writer thread='4808'/>
<task_queued compile_id='15' method='java/lang/Math min (II)I' bytes='11' count='512' iicount='512' level='3' stamp='0.037' comment='tiered' hot_count='512'/>
<writer thread='1824'/>
<nmethod compile_id='8' compiler='C1' level='3' entry='0x000000000317a9c0' size='1320' address='0x000000000317a850' relocation_offset='288' insts_offset='368' stub_offset='848' scopes_data_offset='1016' scopes_pcs_offset='1176' dependencies_offset='1288' nul_chk_table_offset='1296' method='java/lang/CharacterDataLatin1 toLowerCase (I)I' bytes='39' count='1281' iicount='1281' stamp='0.037'/>
<writer thread='4808'/>
<task_queued compile_id='16' method='java/lang/StringBuffer append (C)Ljava/lang/StringBuffer;' bytes='13' count='512' iicount='512' level='3' stamp='0.037' comment='tiered' hot_count='512'/>
<writer thread='1824'/>
<nmethod compile_id='12' compiler='C1' level='3' entry='0x000000000317d420' size='824' address='0x000000000317d2d0' relocation_offset='288' insts_offset='336' stub_offset='560' scopes_data_offset='712' scopes_pcs_offset='736' dependencies_offset='800' nul_chk_table_offset='808' method='java/lang/String length ()I' bytes='6' count='615' iicount='615' stamp='0.037'/>
<nmethod compile_id='10' compiler='C1' level='3' entry='0x000000000317ce40' size='1472' address='0x000000000317ccd0' relocation_offset='288' insts_offset='368' stub_offset='976' scopes_data_offset='1168' scopes_pcs_offset='1288' dependencies_offset='1432' nul_chk_table_offset='1440' method='java/lang/AbstractStringBuilder append (C)Ljava/lang/AbstractStringBuilder;' bytes='29' count='1353' iicount='1353' stamp='0.037'/>
<nmethod compile_id='14' compiler='C1' level='3' entry='0x000000000317ca60' size='912' address='0x000000000317c910' relocation_offset='288' insts_offset='336' stub_offset='688' scopes_data_offset='840' scopes_pcs_offset='856' dependencies_offset='904' method='java/io/WinNTFileSystem isSlash (C)Z' bytes='18' count='725' iicount='725' stamp='0.037'/>
<nmethod compile_id='13' compiler='C1' level='3' entry='0x000000000317c3c0' size='1704' address='0x000000000317c250' relocation_offset='288' insts_offset='368' stub_offset='1104' scopes_data_offset='1296' scopes_pcs_offset='1504' dependencies_offset='1664' nul_chk_table_offset='1672' method='java/lang/StringBuilder append (C)Ljava/lang/StringBuilder;' bytes='8' count='700' iicount='700' stamp='0.038'/>
<nmethod compile_id='16' compiler='C1' level='3' entry='0x000000000317d7e0' size='2224' address='0x000000000317d650' relocation_offset='288' insts_offset='400' stub_offset='1520' scopes_data_offset='1712' scopes_pcs_offset='2008' dependencies_offset='2184' nul_chk_table_offset='2192' method='java/lang/StringBuffer append (C)Ljava/lang/StringBuffer;' bytes='13' count='756' iicount='756' stamp='0.038'/>
<nmethod compile_id='15' compiler='C1' level='3' entry='0x000000000317c020' size='816' address='0x000000000317bed0' relocation_offset='288' insts_offset='336' stub_offset='592' scopes_data_offset='744' scopes_pcs_offset='760' dependencies_offset='808' method='java/lang/Math min (II)I' bytes='11' count='586' iicount='586' stamp='0.038'/>
<writer thread='4808'/>
<task_queued compile_id='17' method='sun/nio/cs/SingleByte$Decoder decode (I)C' bytes='11' count='1536' iicount='1536' level='3' stamp='0.039' comment='tiered' hot_count='1536'/>
<writer thread='1824'/>
<nmethod compile_id='17' compiler='C1' level='3' entry='0x000000000317e060' size='920' address='0x000000000317df10' relocation_offset='288' insts_offset='336' stub_offset='592' scopes_data_offset='744' scopes_pcs_offset='792' dependencies_offset='888' nul_chk_table_offset='896' method='sun/nio/cs/SingleByte$Decoder decode (I)C' bytes='11' count='3591' iicount='3591' stamp='0.039'/>
<writer thread='4808'/>
<task_queued compile_id='18' method='java/util/Arrays copyOfRange ([CII)[C' bytes='63' count='384' iicount='384' level='3' stamp='0.039' comment='tiered' hot_count='384'/>
<task_queued compile_id='19' method='java/io/BufferedReader readLine (Z)Ljava/lang/String;' bytes='304' count='101' backedge_count='2048' iicount='101' level='3' stamp='0.039' comment='tiered' hot_count='101'/>
<task_queued compile_id='20' method='java/lang/String &lt;init&gt; ([CII)V' bytes='62' count='384' iicount='384' level='3' stamp='0.039' comment='tiered' hot_count='384'/>
<task_queued compile_id='21' method='java/lang/String charAt (I)C' bytes='29' count='5632' iicount='5632' stamp='0.039' comment='tiered' hot_count='5632'/>
<task_queued compile_id='22' method='java/lang/String indexOf (II)I' bytes='70' count='176' backedge_count='5120' iicount='176' level='3' stamp='0.039' comment='tiered' hot_count='176'/>
<writer thread='1824'/>
<nmethod compile_id='18' compiler='C1' level='3' entry='0x000000000317e4e0' size='4704' address='0x000000000317e2d0' relocation_offset='288' insts_offset='528' stub_offset='3152' scopes_data_offset='3472' scopes_pcs_offset='4280' dependencies_offset='4680' nul_chk_table_offset='4688' oops_offset='3400' method='java/util/Arrays copyOfRange ([CII)[C' bytes='63' count='481' iicount='481' stamp='0.040'/>
<writer thread='27632'/>
<nmethod compile_id='21' compiler='C2' level='4' entry='0x0000000003182360' size='752' address='0x0000000003182210' relocation_offset='288' insts_offset='336' stub_offset='528' scopes_data_offset='560' scopes_pcs_offset='632' dependencies_offset='728' nul_chk_table_offset='736' method='java/lang/String charAt (I)C' bytes='29' count='6095' iicount='6095' stamp='0.040'/>
<make_not_entrant thread='27632' compile_id='3' compiler='C1' level='3' stamp='0.040'/>
<writer thread='1824'/>
<nmethod compile_id='19' compiler='C1' level='3' entry='0x000000000317fce0' size='10104' address='0x000000000317fa50' relocation_offset='288' insts_offset='656' stub_offset='6352' scopes_data_offset='6680' scopes_pcs_offset='8736' dependencies_offset='9424' handler_table_offset='9432' nul_chk_table_offset='10032' method='java/io/BufferedReader readLine (Z)Ljava/lang/String;' bytes='304' count='163' backedge_count='3267' iicount='163' stamp='0.041'/>
<nmethod compile_id='22' compiler='C1' level='3' entry='0x00000000031826a0' size='1624' address='0x0000000003182510' relocation_offset='288' insts_offset='400' stub_offset='1168' scopes_data_offset='1344' scopes_pcs_offset='1472' dependencies_offset='1600' nul_chk_table_offset='1608' method='java/lang/String indexOf (II)I' bytes='70' count='208' backedge_count='6215' iicount='208' stamp='0.041'/>
<writer thread='4808'/>
<task_queued compile_id='23' method='java/lang/String getChars (II[CI)V' bytes='62' count='384' iicount='384' level='3' stamp='0.041' comment='tiered' hot_count='384'/>
<task_queued compile_id='24' method='java/io/File getPath ()Ljava/lang/String;' bytes='5' count='128' iicount='128' level='1' stamp='0.041' comment='tiered' hot_count='128'/>
<writer thread='1824'/>
<nmethod compile_id='20' compiler='C1' level='3' entry='0x0000000003182d40' size='2032' address='0x0000000003182b90' relocation_offset='288' insts_offset='432' stub_offset='1296' scopes_data_offset='1528' scopes_pcs_offset='1768' dependencies_offset='2008' nul_chk_table_offset='2016' method='java/lang/String &lt;init&gt; ([CII)V' bytes='62' count='518' iicount='518' stamp='0.041'/>
<nmethod compile_id='23' compiler='C1' level='3' entry='0x0000000003183540' size='2000' address='0x0000000003183390' relocation_offset='288' insts_offset='432' stub_offset='1296' scopes_data_offset='1520' scopes_pcs_offset='1752' dependencies_offset='1976' nul_chk_table_offset='1984' method='java/lang/String getChars (II[CI)V' bytes='62' count='402' iicount='402' stamp='0.041'/>
<nmethod compile_id='24' compiler='C1' level='1' entry='0x000000000317f8e0' size='656' address='0x000000000317f790' relocation_offset='288' insts_offset='336' stub_offset='464' scopes_data_offset='608' scopes_pcs_offset='616' dependencies_offset='648' method='java/io/File getPath ()Ljava/lang/String;' bytes='5' count='132' iicount='132' stamp='0.041'/>
<writer thread='4808'/>
<task_queued compile_id='25' method='java/lang/Character toLowerCase (C)C' bytes='6' count='256' iicount='256' level='3' stamp='0.041' comment='tiered' hot_count='256'/>
<task_queued compile_id='26' method='java/lang/String toLowerCase (Ljava/util/Locale;)Ljava/lang/String;' bytes='439' count='128' backedge_count='2437' iicount='128' level='3' stamp='0.041' comment='tiered' hot_count='128'/>
<writer thread='1824'/>
<nmethod compile_id='25' compiler='C1' level='3' entry='0x0000000003183d00' size='1272' address='0x0000000003183b90' relocation_offset='288' insts_offset='368' stub_offset='848' scopes_data_offset='1048' scopes_pcs_offset='1136' dependencies_offset='1248' nul_chk_table_offset='1256' method='java/lang/Character toLowerCase (C)C' bytes='6' count='276' iicount='276' stamp='0.041'/>
<nmethod compile_id='26' compiler='C1' level='3' entry='0x0000000003184400' size='10752' address='0x00000000031840d0' relocation_offset='288' insts_offset='816' stub_offset='6640' scopes_data_offset='7088' scopes_pcs_offset='9696' dependencies_offset='10608' nul_chk_table_offset='10616' method='java/lang/String toLowerCase (Ljava/util/Locale;)Ljava/lang/String;' bytes='439' count='129' backedge_count='2481' iicount='129' stamp='0.042'/>
<writer thread='4808'/>
<task_queued compile_id='27' method='java/lang/System getSecurityManager ()Ljava/lang/SecurityManager;' bytes='4' count='256' iicount='256' level='3' stamp='0.042' comment='tiered' hot_count='256'/>
<writer thread='1824'/>
<nmethod compile_id='27' compiler='C1' level='3' entry='0x0000000003186c60' size='744' address='0x0000000003186b10' relocation_offset='288' insts_offset='336' stub_offset='528' scopes_data_offset='680' scopes_pcs_offset='688' dependencies_offset='736' method='java/lang/System getSecurityManager ()Ljava/lang/SecurityManager;' bytes='4' count='256' iicount='256' stamp='0.042'/>
<writer thread='4808'/>
<task_queued compile_id='28' method='java/lang/AbstractStringBuilder append (Ljava/lang/String;)Ljava/lang/AbstractStringBuilder;' bytes='50' count='383' iicount='383' level='3' stamp='0.043' comment='tiered' hot_count='383'/>
<task_queued compile_id='29' method='java/lang/String startsWith (Ljava/lang/String;I)Z' bytes='72' count='256' backedge_count='608' iicount='256' level='3' stamp='0.043' comment='tiered' hot_count='256'/>
<task_queued compile_id='30' method='java/lang/String startsWith (Ljava/lang/String;)Z' bytes='7' count='256' iicount='256' level='3' stamp='0.043' comment='tiered' hot_count='256'/>
<task_queued compile_id='31' method='java/util/ArrayList size ()I' bytes='5' count='128' iicount='128' level='1' stamp='0.043' comment='tiered' hot_count='128'/>
<writer thread='1824'/>
<nmethod compile_id='28' compiler='C1' level='3' entry='0x00000000031871a0' size='2120' address='0x0000000003187010' relocation_offset='288' insts_offset='400' stub_offset='1488' scopes_data_offset='1720' scopes_pcs_offset='1904' dependencies_offset='2080' nul_chk_table_offset='2088' method='java/lang/AbstractStringBuilder append (Ljava/lang/String;)Ljava/lang/AbstractStringBuilder;' bytes='50' count='399' iicount='399' stamp='0.043'/>
<writer thread='4808'/>
<task_queued compile_id='32' method='java/lang/StringBuilder append (Ljava/lang/String;)Ljava/lang/StringBuilder;' bytes='8' count='347' iicount='347' level='3' stamp='0.043' comment='tiered' hot_count='347'/>
<writer thread='1824'/>
<nmethod compile_id='29' compiler='C1' level='3' entry='0x0000000003187a00' size='1600' address='0x0000000003187890' relocation_offset='288' insts_offset='368' stub_offset='1040' scopes_data_offset='1192' scopes_pcs_offset='1400' dependencies_offset='1560' nul_chk_table_offset='1568' method='java/lang/String startsWith (Ljava/lang/String;I)Z' bytes='72' count='564' backedge_count='1218' iicount='564' stamp='0.043'/>
<nmethod compile_id='30' compiler='C1' level='3' entry='0x0000000003188080' size='992' address='0x0000000003187f10' relocation_offset='288' insts_offset='368' stub_offset='720' scopes_data_offset='896' scopes_pcs_offset='920' dependencies_offset='984' method='java/lang/String startsWith (Ljava/lang/String;)Z' bytes='7' count='478' iicount='478' stamp='0.043'/>
<nmethod compile_id='31' compiler='C1' level='1' entry='0x0000000003188460' size='656' address='0x0000000003188310' relocation_offset='288' insts_offset='336' stub_offset='464' scopes_data_offset='608' scopes_pcs_offset='616' dependencies_offset='648' method='java/util/ArrayList size ()I' bytes='5' count='172' iicount='172' stamp='0.043'/>
<nmethod compile_id='32' compiler='C1' level='3' entry='0x0000000003188980' size='872' address='0x0000000003188810' relocation_offset='288' insts_offset='368' stub_offset='592' scopes_data_offset='768' scopes_pcs_offset='800' dependencies_offset='864' method='java/lang/StringBuilder append (Ljava/lang/String;)Ljava/lang/StringBuilder;' bytes='8' count='359' iicount='359' stamp='0.044'/>
<tty_done stamp='0.044'/>
</tty>
<compilation_log thread='18840'>
<fragment>
<![CDATA[
<start_compile_thread name='C2 CompilerThread1' thread='18840' process='28608' stamp='0.034'/>
]]>
</fragment>
</compilation_log>
<compilation_log thread='1824'>
<start_compile_thread name='C1 CompilerThread3' thread='1824' process='28608' stamp='0.034'/>
<task compile_id='2' method='java/lang/String hashCode ()I' bytes='55' count='403' backedge_count='5321' iicount='403' level='3' stamp='0.035'>
<phase name='buildIR' stamp='0.035'>
<type id='707' name='int'/>
<klass id='715' name='java/lang/String' flags='17'/>
<method id='817' holder='715' name='hashCode' return='707' flags='1' bytes='55' iicount='403'/>
<parse method='817'  stamp='0.035'>
<parse_done stamp='0.035'/>
</parse>
<phase name='optimize_blocks' stamp='0.035'>
<phase_done name='optimize_blocks' stamp='0.035'/>
</phase>
<phase name='rangeCheckElimination' stamp='0.035'>
<phase_done name='rangeCheckElimination' stamp='0.035'/>
</phase>
<phase name='optimize_null_checks' stamp='0.035'>
<phase_done name='optimize_null_checks' stamp='0.035'/>
</phase>
<phase_done name='buildIR' stamp='0.035'/>
</phase>
<phase name='emit_lir' stamp='0.035'>
<phase name='lirGeneration' stamp='0.035'>
<phase_done name='lirGeneration' stamp='0.035'/>
</phase>
<phase name='linearScan' stamp='0.035'>
<phase_done name='linearScan' stamp='0.035'/>
</phase>
<phase_done name='emit_lir' stamp='0.035'/>
</phase>
<phase name='codeemit' stamp='0.035'>
<phase_done name='codeemit' stamp='0.035'/>
</phase>
<phase name='codeinstall' stamp='0.035'>
<phase_done name='codeinstall' stamp='0.035'/>
</phase>
<code_cache total_blobs='210' nmethods='1' adapters='135' free_code_cache='250577472'/>
<task_done success='1' nmsize='656' count='420' backedge_count='5625' stamp='0.035'/>
</task>
<task compile_id='3' method='java/lang/String charAt (I)C' bytes='29' count='1721' iicount='1721' level='3' stamp='0.035'>
<phase name='buildIR' stamp='0.035'>
<type id='702' name='char'/>
<type id='707' name='int'/>
<klass id='715' name='java/lang/String' flags='17'/>
<method id='817' holder='715' name='charAt' return='702' arguments='707' flags='1' bytes='29' iicount='1721'/>
<parse method='817'  stamp='0.035'>
<bc code='183' bci='18'/>
<type id='709' name='void'/>
<klass id='819' name='java/lang/StringIndexOutOfBoundsException' unloaded='1'/>
<method id='820' holder='819' name='&lt;init&gt;' return='709' arguments='707' unloaded='1'/>
<call method='820' instr='invokespecial'/>
<inline_fail reason='not inlineable'/>
<parse_done stamp='0.035'/>
</parse>
<phase name='optimize_blocks' stamp='0.035'>
<phase_done name='optimize_blocks' stamp='0.035'/>
</phase>
<phase name='rangeCheckElimination' stamp='0.035'>
<phase_done name='rangeCheckElimination' stamp='0.035'/>
</phase>
<phase name='optimize_null_checks' stamp='0.035'>
<phase_done name='optimize_null_checks' stamp='0.035'/>
</phase>
<phase_done name='buildIR' stamp='0.035'/>
</phase>
<phase name='emit_lir' stamp='0.035'>
<phase name='lirGeneration' stamp='0.035'>
<phase_done name='lirGeneration' stamp='0.035'/>
</phase>
<phase name='linearScan' stamp='0.035'>
<phase_done name='linearScan' stamp='0.035'/>
</phase>
<phase_done name='emit_lir' stamp='0.035'/>
</phase>
<phase name='codeemit' stamp='0.035'>
<phase_done name='codeemit' stamp='0.035'/>
</phase>
<phase name='codeinstall' stamp='0.035'>
<phase_done name='codeinstall' stamp='0.035'/>
</phase>
<code_cache total_blobs='216' nmethods='2' adapters='138' free_code_cache='250574080'/>
<task_done success='1' nmsize='616' count='1721' stamp='0.035'/>
</task>
<task compile_id='1' method='java/lang/Object &lt;init&gt; ()V' bytes='1' count='1430' iicount='1430' level='3' stamp='0.035'>
<phase name='buildIR' stamp='0.035'>
<type id='709' name='void'/>
<klass id='714' name='java/lang/Object' flags='1'/>
<method id='817' holder='714' name='&lt;init&gt;' return='709' flags='1' bytes='1' iicount='1430'/>
<parse method='817'  stamp='0.035'>
<parse_done stamp='0.035'/>
</parse>
<phase name='optimize_blocks' stamp='0.035'>
<phase_done name='optimize_blocks' stamp='0.035'/>
</phase>
<phase name='rangeCheckElimination' stamp='0.035'>
<phase_done name='rangeCheckElimination' stamp='0.035'/>
</phase>
<phase name='optimize_null_checks' stamp='0.035'>
<phase_done name='optimize_null_checks' stamp='0.035'/>
</phase>
<phase_done name='buildIR' stamp='0.035'/>
</phase>
<phase name='emit_lir' stamp='0.035'>
<phase name='lirGeneration' stamp='0.035'>
<phase_done name='lirGeneration' stamp='0.035'/>
</phase>
<phase name='linearScan' stamp='0.035'>
<phase_done name='linearScan' stamp='0.035'/>
</phase>
<phase_done name='emit_lir' stamp='0.035'/>
</phase>
<phase name='codeemit' stamp='0.035'>
<phase_done name='codeemit' stamp='0.035'/>
</phase>
<phase name='codeinstall' stamp='0.035'>
<phase_done name='codeinstall' stamp='0.035'/>
</phase>
<code_cache total_blobs='218' nmethods='3' adapters='138' free_code_cache='250572992'/>
<task_done success='1' nmsize='336' count='1437' stamp='0.035'/>
</task>
<task compile_id='4' method='java/lang/AbstractStringBuilder ensureCapacityInternal (I)V' bytes='16' count='304' iicount='304' level='3' stamp='0.036'>
<phase name='buildIR' stamp='0.036'>
<type id='709' name='void'/>
<type id='707' name='int'/>
<klass id='778' name='java/lang/AbstractStringBuilder' flags='1024'/>
<method id='817' holder='778' name='ensureCapacityInternal' return='709' arguments='707' flags='2' bytes='16' iicount='304'/>
<parse method='817'  stamp='0.036'>
<bc code='182' bci='12'/>
<method id='819' holder='778' name='expandCapacity' return='709' arguments='707' flags='0' bytes='50' iicount='89'/>
<call method='819' instr='invokevirtual'/>
<dependency type='unique_concrete_method' ctxk='778' x='819'/>
<inline_fail reason='callee is too large'/>
<parse_done stamp='0.036'/>
</parse>
<phase name='optimize_blocks' stamp='0.036'>
<phase_done name='optimize_blocks' stamp='0.036'/>
</phase>
<phase name='rangeCheckElimination' stamp='0.036'>
<phase_done name='rangeCheckElimination' stamp='0.036'/>
</phase>
<phase name='optimize_null_checks' stamp='0.036'>
<phase_done name='optimize_null_checks' stamp='0.036'/>
</phase>
<phase_done name='buildIR' stamp='0.036'/>
</phase>
<phase name='emit_lir' stamp='0.036'>
<phase name='lirGeneration' stamp='0.036'>
<phase_done name='lirGeneration' stamp='0.036'/>
</phase>
<phase name='linearScan' stamp='0.036'>
<phase_done name='linearScan' stamp='0.036'/>
</phase>
<phase_done name='emit_lir' stamp='0.036'/>
</phase>
<phase name='codeemit' stamp='0.036'>
<phase_done name='codeemit' stamp='0.036'/>
</phase>
<phase name='codeinstall' stamp='0.036'>
<dependency type='unique_concrete_method' ctxk='778' x='819'/>
<phase_done name='codeinstall' stamp='0.036'/>
</phase>
<code_cache total_blobs='230' nmethods='4' adapters='140' free_code_cache='250568064'/>
<task_done success='1' nmsize='584' count='312' stamp='0.036'/>
</task>
<task compile_id='5' method='java/lang/CharacterData of (I)Ljava/lang/CharacterData;' bytes='120' count='798' iicount='798' level='3' stamp='0.036'>
<phase name='buildIR' stamp='0.036'>
<klass id='817' name='java/lang/CharacterData' flags='1024'/>
<type id='707' name='int'/>
<method id='818' holder='817' name='of' return='817' arguments='707' flags='24' bytes='120' iicount='798'/>
<parse method='818'  stamp='0.036'>
<parse_done stamp='0.036'/>
</parse>
<phase name='optimize_blocks' stamp='0.036'>
<phase_done name='optimize_blocks' stamp='0.036'/>
</phase>
<phase name='rangeCheckElimination' stamp='0.036'>
<phase_done name='rangeCheckElimination' stamp='0.036'/>
</phase>
<phase name='optimize_null_checks' stamp='0.036'>
<phase_done name='optimize_null_checks' stamp='0.036'/>
</phase>
<phase_done name='buildIR' stamp='0.036'/>
</phase>
<phase name='emit_lir' stamp='0.036'>
<phase name='lirGeneration' stamp='0.036'>
<phase_done name='lirGeneration' stamp='0.036'/>
</phase>
<phase name='linearScan' stamp='0.036'>
<phase_done name='linearScan' stamp='0.036'/>
</phase>
<phase_done name='emit_lir' stamp='0.036'/>
</phase>
<phase name='codeemit' stamp='0.036'>
<phase_done name='codeemit' stamp='0.036'/>
</phase>
<phase name='codeinstall' stamp='0.036'>
<phase_done name='codeinstall' stamp='0.036'/>
</phase>
<code_cache total_blobs='231' nmethods='6' adapters='140' free_code_cache='250565568'/>
<task_done success='1' nmsize='1456' count='921' stamp='0.036'/>
</task>
<task compile_id='11' method='java/lang/Object &lt;init&gt; ()V' bytes='1' count='1537' iicount='1537' level='1' stamp='0.036'>
<phase name='buildIR' stamp='0.036'>
<type id='709' name='void'/>
<klass id='714' name='java/lang/Object' flags='1'/>
<method id='817' holder='714' name='&lt;init&gt;' return='709' flags='1' bytes='1' compile_id='1' compiler='C1' level='3' iicount='1538'/>
<parse method='817'  stamp='0.037'>
<parse_done stamp='0.037'/>
</parse>
<phase name='optimize_blocks' stamp='0.037'>
<phase_done name='optimize_blocks' stamp='0.037'/>
</phase>
<phase name='rangeCheckElimination' stamp='0.037'>
<phase_done name='rangeCheckElimination' stamp='0.037'/>
</phase>
<phase name='optimize_null_checks' stamp='0.037'>
<phase_done name='optimize_null_checks' stamp='0.037'/>
</phase>
<phase_done name='buildIR' stamp='0.037'/>
</phase>
<phase name='emit_lir' stamp='0.037'>
<phase name='lirGeneration' stamp='0.037'>
<phase_done name='lirGeneration' stamp='0.037'/>
</phase>
<phase name='linearScan' stamp='0.037'>
<phase_done name='linearScan' stamp='0.037'/>
</phase>
<phase_done name='emit_lir' stamp='0.037'/>
</phase>
<phase name='codeemit' stamp='0.037'>
<phase_done name='codeemit' stamp='0.037'/>
</phase>
<phase name='codeinstall' stamp='0.037'>
<phase_done name='codeinstall' stamp='0.037'/>
</phase>
<code_cache total_blobs='232' nmethods='7' adapters='140' free_code_cache='250564864'/>
<task_done success='1' nmsize='272' count='1557' stamp='0.037'/>
</task>
<task compile_id='6' method='java/lang/CharacterDataLatin1 getProperties (I)I' bytes='11' count='986' iicount='986' level='3' stamp='0.037'>
<phase name='buildIR' stamp='0.037'>
<type id='707' name='int'/>
<klass id='817' name='java/lang/CharacterDataLatin1' flags='0'/>
<method id='818' holder='817' name='getProperties' return='707' arguments='707' flags='0' bytes='11' iicount='988'/>
<parse method='818'  stamp='0.037'>
<parse_done stamp='0.037'/>
</parse>
<phase name='optimize_blocks' stamp='0.037'>
<phase_done name='optimize_blocks' stamp='0.037'/>
</phase>
<phase name='rangeCheckElimination' stamp='0.037'>
<phase_done name='rangeCheckElimination' stamp='0.037'/>
</phase>
<phase name='optimize_null_checks' stamp='0.037'>
<phase_done name='optimize_null_checks' stamp='0.037'/>
</phase>
<phase_done name='buildIR' stamp='0.037'/>
</phase>
<phase name='emit_lir' stamp='0.037'>
<phase name='lirGeneration' stamp='0.037'>
<phase_done name='lirGeneration' stamp='0.037'/>
</phase>
<phase name='linearScan' stamp='0.037'>
<phase_done name='linearScan' stamp='0.037'/>
</phase>
<phase_done name='emit_lir' stamp='0.037'/>
</phase>
<phase name='codeemit' stamp='0.037'>
<phase_done name='codeemit' stamp='0.037'/>
</phase>
<phase name='codeinstall' stamp='0.037'>
<phase_done name='codeinstall' stamp='0.037'/>
</phase>
<code_cache total_blobs='233' nmethods='8' adapters='140' free_code_cache='250563712'/>
<task_done success='1' nmsize='400' count='1054' stamp='0.037'/>
</task>
<task compile_id='7' method='java/lang/Character toLowerCase (I)I' bytes='9' count='1092' iicount='1092' level='3' stamp='0.037'>
<phase name='buildIR' stamp='0.037'>
<type id='707' name='int'/>
<klass id='795' name='java/lang/Character' flags='17'/>
<method id='817' holder='795' name='toLowerCase' return='707' arguments='707' flags='9' bytes='9' iicount='1092'/>
<parse method='817'  stamp='0.037'>
<bc code='184' bci='1'/>
<klass id='820' name='java/lang/CharacterData' flags='1024'/>
<method id='821' holder='820' name='of' return='820' arguments='707' flags='24' bytes='120' compile_id='5' compiler='C1' level='3' iicount='1104'/>
<call method='821' instr='invokestatic'/>
<inline_fail reason='callee is too large'/>
<bc code='182' bci='5'/>
<method id='823' holder='820' name='toLowerCase' return='707' arguments='707' flags='1024' bytes='0' iicount='1'/>
<call method='823' instr='invokevirtual'/>
<inline_fail reason='no static binding'/>
<parse_done stamp='0.037'/>
</parse>
<phase name='optimize_blocks' stamp='0.037'>
<phase_done name='optimize_blocks' stamp='0.037'/>
</phase>
<phase name='rangeCheckElimination' stamp='0.037'>
<phase_done name='rangeCheckElimination' stamp='0.037'/>
</phase>
<phase name='optimize_null_checks' stamp='0.037'>
<phase_done name='optimize_null_checks' stamp='0.037'/>
</phase>
<phase_done name='buildIR' stamp='0.037'/>
</phase>
<phase name='emit_lir' stamp='0.037'>
<phase name='lirGeneration' stamp='0.037'>
<phase_done name='lirGeneration' stamp='0.037'/>
</phase>
<phase name='linearScan' stamp='0.037'>
<phase_done name='linearScan' stamp='0.037'/>
</phase>
<phase_done name='emit_lir' stamp='0.037'/>
</phase>
<phase name='codeemit' stamp='0.037'>
<phase_done name='codeemit' stamp='0.037'/>
</phase>
<phase name='codeinstall' stamp='0.037'>
<phase_done name='codeinstall' stamp='0.037'/>
</phase>
<code_cache total_blobs='234' nmethods='9' adapters='140' free_code_cache='250562560'/>
<task_done success='1' nmsize='568' count='1153' stamp='0.037'/>
</task>
<task compile_id='8' method='java/lang/CharacterDataLatin1 toLowerCase (I)I' bytes='39' count='1153' iicount='1153' level='3' stamp='0.037'>
<phase name='buildIR' stamp='0.037'>
<type id='707' name='int'/>
<klass id='817' name='java/lang/CharacterDataLatin1' flags='0'/>
<method id='818' holder='817' name='toLowerCase' return='707' arguments='707' flags='0' bytes='39' iicount='1157'/>
<parse method='818'  stamp='0.037'>
<bc code='182' bci='4'/>
<method id='820' holder='817' name='getProperties' return='707' arguments='707' flags='0' bytes='11' compile_id='6' compiler='C1' level='3' iicount='1174'/>
<call method='820' instr='invokevirtual'/>
<dependency type='leaf_type' ctxk='817'/>
<inline_success reason='receiver is statically known'/>
<dependency type='leaf_type' ctxk='817'/>
<parse method='820'>
<parse_done stamp='0.037'/>
</parse>
<parse_done stamp='0.037'/>
</parse>
<phase name='optimize_blocks' stamp='0.037'>
<phase_done name='optimize_blocks' stamp='0.037'/>
</phase>
<phase name='rangeCheckElimination' stamp='0.037'>
<phase_done name='rangeCheckElimination' stamp='0.037'/>
</phase>
<phase name='optimize_null_checks' stamp='0.037'>
<phase_done name='optimize_null_checks' stamp='0.037'/>
</phase>
<phase_done name='buildIR' stamp='0.037'/>
</phase>
<phase name='emit_lir' stamp='0.037'>
<phase name='lirGeneration' stamp='0.037'>
<phase_done name='lirGeneration' stamp='0.037'/>
</phase>
<phase name='linearScan' stamp='0.037'>
<phase_done name='linearScan' stamp='0.037'/>
</phase>
<phase_done name='emit_lir' stamp='0.037'/>
</phase>
<phase name='codeemit' stamp='0.037'>
<phase_done name='codeemit' stamp='0.037'/>
</phase>
<phase name='codeinstall' stamp='0.037'>
<dependency type='leaf_type' ctxk='817'/>
<phase_done name='codeinstall' stamp='0.037'/>
</phase>
<code_cache total_blobs='235' nmethods='10' adapters='140' free_code_cache='250561216'/>
<task_done success='1' nmsize='624' count='1281' inlined_bytes='11' stamp='0.037'/>
</task>
<task compile_id='12' method='java/lang/String length ()I' bytes='6' count='595' iicount='595' level='3' stamp='0.037'>
<phase name='buildIR' stamp='0.037'>
<type id='707' name='int'/>
<klass id='715' name='java/lang/String' flags='17'/>
<method id='817' holder='715' name='length' return='707' flags='1' bytes='6' iicount='595'/>
<parse method='817'  stamp='0.037'>
<parse_done stamp='0.037'/>
</parse>
<phase name='optimize_blocks' stamp='0.037'>
<phase_done name='optimize_blocks' stamp='0.037'/>
</phase>
<phase name='rangeCheckElimination' stamp='0.037'>
<phase_done name='rangeCheckElimination' stamp='0.037'/>
</phase>
<phase name='optimize_null_checks' stamp='0.037'>
<phase_done name='optimize_null_checks' stamp='0.037'/>
</phase>
<phase_done name='buildIR' stamp='0.037'/>
</phase>
<phase name='emit_lir' stamp='0.037'>
<phase name='lirGeneration' stamp='0.037'>
<phase_done name='lirGeneration' stamp='0.037'/>
</phase>
<phase name='linearScan' stamp='0.037'>
<phase_done name='linearScan' stamp='0.037'/>
</phase>
<phase_done name='emit_lir' stamp='0.037'/>
</phase>
<phase name='codeemit' stamp='0.037'>
<phase_done name='codeemit' stamp='0.037'/>
</phase>
<phase name='codeinstall' stamp='0.037'>
<phase_done name='codeinstall' stamp='0.037'/>
</phase>
<code_cache total_blobs='236' nmethods='11' adapters='140' free_code_cache='250560320'/>
<task_done success='1' nmsize='368' count='615' stamp='0.037'/>
</task>
<task compile_id='10' method='java/lang/AbstractStringBuilder append (C)Ljava/lang/AbstractStringBuilder;' bytes='29' count='1156' iicount='1158' level='3' stamp='0.037'>
<phase name='buildIR' stamp='0.037'>
<klass id='778' name='java/lang/AbstractStringBuilder' flags='1024'/>
<type id='702' name='char'/>
<method id='817' holder='778' name='append' return='778' arguments='702' flags='1' bytes='29' iicount='1216'/>
<parse method='817'  stamp='0.037'>
<bc code='183' bci='7'/>
<type id='709' name='void'/>
<type id='707' name='int'/>
<method id='819' holder='778' name='ensureCapacityInternal' return='709' arguments='707' flags='2' bytes='16' compile_id='4' compiler='C1' level='3' iicount='1484'/>
<call method='819' instr='invokespecial'/>
<inline_success reason='receiver is statically known'/>
<parse method='819'>
<bc code='182' bci='12'/>
<method id='821' holder='778' name='expandCapacity' return='709' arguments='707' flags='0' bytes='50' iicount='119'/>
<call method='821' instr='invokevirtual'/>
<dependency type='unique_concrete_method' ctxk='778' x='821'/>
<inline_fail reason='callee is too large'/>
<parse_done stamp='0.037'/>
</parse>
<parse_done stamp='0.037'/>
</parse>
<phase name='optimize_blocks' stamp='0.037'>
<phase_done name='optimize_blocks' stamp='0.037'/>
</phase>
<phase name='rangeCheckElimination' stamp='0.037'>
<phase_done name='rangeCheckElimination' stamp='0.037'/>
</phase>
<phase name='optimize_null_checks' stamp='0.037'>
<phase_done name='optimize_null_checks' stamp='0.037'/>
</phase>
<phase_done name='buildIR' stamp='0.037'/>
</phase>
<phase name='emit_lir' stamp='0.037'>
<phase name='lirGeneration' stamp='0.037'>
<phase_done name='lirGeneration' stamp='0.037'/>
</phase>
<phase name='linearScan' stamp='0.037'>
<phase_done name='linearScan' stamp='0.037'/>
</phase>
<phase_done name='emit_lir' stamp='0.037'/>
</phase>
<phase name='codeemit' stamp='0.037'>
<phase_done name='codeemit' stamp='0.037'/>
</phase>
<phase name='codeinstall' stamp='0.037'>
<dependency type='unique_concrete_method' ctxk='778' x='821'/>
<phase_done name='codeinstall' stamp='0.037'/>
</phase>
<code_cache total_blobs='237' nmethods='12' adapters='140' free_code_cache='250558784'/>
<task_done success='1' nmsize='776' count='1353' inlined_bytes='16' stamp='0.037'/>
</task>
<task compile_id='14' method='java/io/WinNTFileSystem isSlash (C)Z' bytes='18' count='725' iicount='725' level='3' stamp='0.037'>
<phase name='buildIR' stamp='0.037'>
<type id='701' name='boolean'/>
<type id='702' name='char'/>
<klass id='817' name='java/io/WinNTFileSystem' flags='0'/>
<method id='818' holder='817' name='isSlash' return='701' arguments='702' flags='2' bytes='18' iicount='725'/>
<parse method='818'  stamp='0.037'>
<parse_done stamp='0.037'/>
</parse>
<phase name='optimize_blocks' stamp='0.037'>
<phase_done name='optimize_blocks' stamp='0.037'/>
</phase>
<phase name='rangeCheckElimination' stamp='0.037'>
<phase_done name='rangeCheckElimination' stamp='0.037'/>
</phase>
<phase name='optimize_null_checks' stamp='0.037'>
<phase_done name='optimize_null_checks' stamp='0.037'/>
</phase>
<phase_done name='buildIR' stamp='0.037'/>
</phase>
<phase name='emit_lir' stamp='0.037'>
<phase name='lirGeneration' stamp='0.037'>
<phase_done name='lirGeneration' stamp='0.037'/>
</phase>
<phase name='linearScan' stamp='0.037'>
<phase_done name='linearScan' stamp='0.037'/>
</phase>
<phase_done name='emit_lir' stamp='0.037'/>
</phase>
<phase name='codeemit' stamp='0.037'>
<phase_done name='codeemit' stamp='0.037'/>
</phase>
<phase name='codeinstall' stamp='0.037'>
<phase_done name='codeinstall' stamp='0.037'/>
</phase>
<code_cache total_blobs='238' nmethods='13' adapters='140' free_code_cache='250557824'/>
<task_done success='1' nmsize='496' count='725' stamp='0.037'/>
</task>
<task compile_id='13' method='java/lang/StringBuilder append (C)Ljava/lang/StringBuilder;' bytes='8' count='700' iicount='700' level='3' stamp='0.037'>
<phase name='buildIR' stamp='0.037'>
<klass id='780' name='java/lang/StringBuilder' flags='17'/>
<type id='702' name='char'/>
<method id='817' holder='780' name='append' return='780' arguments='702' flags='1' bytes='8' iicount='700'/>
<parse method='817'  stamp='0.037'>
<bc code='183' bci='2'/>
<klass id='778' name='java/lang/AbstractStringBuilder' flags='1024'/>
<method id='819' holder='778' name='append' return='778' arguments='702' flags='1' bytes='29' compile_id='10' compiler='C1' level='3' iicount='1353'/>
<call method='819' instr='invokespecial'/>
<inline_success reason='receiver is statically known'/>
<parse method='819'>
<bc code='183' bci='7'/>
<type id='709' name='void'/>
<type id='707' name='int'/>
<method id='821' holder='778' name='ensureCapacityInternal' return='709' arguments='707' flags='2' bytes='16' compile_id='4' compiler='C1' level='3' iicount='1680'/>
<call method='821' instr='invokespecial'/>
<inline_success reason='receiver is statically known'/>
<parse method='821'>
<bc code='182' bci='12'/>
<method id='823' holder='778' name='expandCapacity' return='709' arguments='707' flags='0' bytes='50' iicount='123'/>
<call method='823' instr='invokevirtual'/>
<inline_fail reason='callee is too large'/>
<parse_done stamp='0.038'/>
</parse>
<parse_done stamp='0.038'/>
</parse>
<parse_done stamp='0.038'/>
</parse>
<phase name='optimize_blocks' stamp='0.038'>
<phase_done name='optimize_blocks' stamp='0.038'/>
</phase>
<phase name='rangeCheckElimination' stamp='0.038'>
<phase_done name='rangeCheckElimination' stamp='0.038'/>
</phase>
<phase name='optimize_null_checks' stamp='0.038'>
<phase_done name='optimize_null_checks' stamp='0.038'/>
</phase>
<phase_done name='buildIR' stamp='0.038'/>
</phase>
<phase name='emit_lir' stamp='0.038'>
<phase name='lirGeneration' stamp='0.038'>
<phase_done name='lirGeneration' stamp='0.038'/>
</phase>
<phase name='linearScan' stamp='0.038'>
<phase_done name='linearScan' stamp='0.038'/>
</phase>
<phase_done name='emit_lir' stamp='0.038'/>
</phase>
<phase name='codeemit' stamp='0.038'>
<phase_done name='codeemit' stamp='0.038'/>
</phase>
<phase name='codeinstall' stamp='0.038'>
<phase_done name='codeinstall' stamp='0.038'/>
</phase>
<code_cache total_blobs='239' nmethods='14' adapters='140' free_code_cache='250556096'/>
<task_done success='1' nmsize='904' count='700' inlined_bytes='45' stamp='0.038'/>
</task>
<task compile_id='16' method='java/lang/StringBuffer append (C)Ljava/lang/StringBuffer;' bytes='13' count='756' iicount='756' level='3' stamp='0.038'>
<phase name='buildIR' stamp='0.038'>
<klass id='779' name='java/lang/StringBuffer' flags='17'/>
<type id='702' name='char'/>
<method id='817' holder='779' name='append' return='779' arguments='702' flags='33' bytes='13' iicount='756'/>
<parse method='817'  stamp='0.038'>
<bc code='183' bci='7'/>
<klass id='778' name='java/lang/AbstractStringBuilder' flags='1024'/>
<method id='819' holder='778' name='append' return='778' arguments='702' flags='1' bytes='29' compile_id='10' compiler='C1' level='3' iicount='1456'/>
<call method='819' instr='invokespecial'/>
<inline_success reason='receiver is statically known'/>
<parse method='819'>
<bc code='183' bci='7'/>
<type id='709' name='void'/>
<type id='707' name='int'/>
<method id='821' holder='778' name='ensureCapacityInternal' return='709' arguments='707' flags='2' bytes='16' compile_id='4' compiler='C1' level='3' iicount='1703'/>
<call method='821' instr='invokespecial'/>
<inline_success reason='receiver is statically known'/>
<parse method='821'>
<bc code='182' bci='12'/>
<method id='823' holder='778' name='expandCapacity' return='709' arguments='707' flags='0' bytes='50' iicount='123'/>
<call method='823' instr='invokevirtual'/>
<inline_fail reason='callee is too large'/>
<parse_done stamp='0.038'/>
</parse>
<parse_done stamp='0.038'/>
</parse>
<parse_done stamp='0.038'/>
</parse>
<phase name='optimize_blocks' stamp='0.038'>
<phase_done name='optimize_blocks' stamp='0.038'/>
</phase>
<phase name='rangeCheckElimination' stamp='0.038'>
<phase_done name='rangeCheckElimination' stamp='0.038'/>
</phase>
<phase name='optimize_null_checks' stamp='0.038'>
<phase_done name='optimize_null_checks' stamp='0.038'/>
</phase>
<phase_done name='buildIR' stamp='0.038'/>
</phase>
<phase name='emit_lir' stamp='0.038'>
<phase name='lirGeneration' stamp='0.038'>
<phase_done name='lirGeneration' stamp='0.038'/>
</phase>
<phase name='linearScan' stamp='0.038'>
<phase_done name='linearScan' stamp='0.038'/>
</phase>
<phase_done name='emit_lir' stamp='0.038'/>
</phase>
<phase name='codeemit' stamp='0.038'>
<phase_done name='codeemit' stamp='0.038'/>
</phase>
<phase name='codeinstall' stamp='0.038'>
<phase_done name='codeinstall' stamp='0.038'/>
</phase>
<code_cache total_blobs='240' nmethods='15' adapters='140' free_code_cache='250553856'/>
<task_done success='1' nmsize='1288' count='756' inlined_bytes='45' stamp='0.038'/>
</task>
<task compile_id='15' method='java/lang/Math min (II)I' bytes='11' count='585' iicount='585' level='3' stamp='0.038'>
<phase name='buildIR' stamp='0.038'>
<type id='707' name='int'/>
<klass id='817' name='java/lang/Math' flags='17'/>
<method id='818' holder='817' name='min' return='707' arguments='707 707' flags='9' bytes='11' iicount='585'/>
<parse method='818'  stamp='0.038'>
<parse_done stamp='0.038'/>
</parse>
<phase name='optimize_blocks' stamp='0.038'>
<phase_done name='optimize_blocks' stamp='0.038'/>
</phase>
<phase name='rangeCheckElimination' stamp='0.038'>
<phase_done name='rangeCheckElimination' stamp='0.038'/>
</phase>
<phase name='optimize_null_checks' stamp='0.038'>
<phase_done name='optimize_null_checks' stamp='0.038'/>
</phase>
<phase_done name='buildIR' stamp='0.038'/>
</phase>
<phase name='emit_lir' stamp='0.038'>
<phase name='lirGeneration' stamp='0.038'>
<phase_done name='lirGeneration' stamp='0.038'/>
</phase>
<phase name='linearScan' stamp='0.038'>
<phase_done name='linearScan' stamp='0.038'/>
</phase>
<phase_done name='emit_lir' stamp='0.038'/>
</phase>
<phase name='codeemit' stamp='0.038'>
<phase_done name='codeemit' stamp='0.038'/>
</phase>
<phase name='codeinstall' stamp='0.038'>
<phase_done name='codeinstall' stamp='0.038'/>
</phase>
<code_cache total_blobs='241' nmethods='16' adapters='140' free_code_cache='250552960'/>
<task_done success='1' nmsize='400' count='586' stamp='0.038'/>
</task>
<task compile_id='17' method='sun/nio/cs/SingleByte$Decoder decode (I)C' bytes='11' count='2176' iicount='2182' level='3' stamp='0.039'>
<phase name='buildIR' stamp='0.039'>
<type id='702' name='char'/>
<type id='707' name='int'/>
<klass id='817' name='sun/nio/cs/SingleByte$Decoder' flags='25'/>
<method id='818' holder='817' name='decode' return='702' arguments='707' flags='17' bytes='11' iicount='2512'/>
<parse method='818'  stamp='0.039'>
<parse_done stamp='0.039'/>
</parse>
<phase name='optimize_blocks' stamp='0.039'>
<phase_done name='optimize_blocks' stamp='0.039'/>
</phase>
<phase name='rangeCheckElimination' stamp='0.039'>
<phase_done name='rangeCheckElimination' stamp='0.039'/>
</phase>
<phase name='optimize_null_checks' stamp='0.039'>
<phase_done name='optimize_null_checks' stamp='0.039'/>
</phase>
<phase_done name='buildIR' stamp='0.039'/>
</phase>
<phase name='emit_lir' stamp='0.039'>
<phase name='lirGeneration' stamp='0.039'>
<phase_done name='lirGeneration' stamp='0.039'/>
</phase>
<phase name='linearScan' stamp='0.039'>
<phase_done name='linearScan' stamp='0.039'/>
</phase>
<phase_done name='emit_lir' stamp='0.039'/>
</phase>
<phase name='codeemit' stamp='0.039'>
<phase_done name='codeemit' stamp='0.039'/>
</phase>
<phase name='codeinstall' stamp='0.039'>
<phase_done name='codeinstall' stamp='0.039'/>
</phase>
<code_cache total_blobs='242' nmethods='17' adapters='140' free_code_cache='250552000'/>
<task_done success='1' nmsize='400' count='3591' stamp='0.039'/>
</task>
<task compile_id='18' method='java/util/Arrays copyOfRange ([CII)[C' bytes='63' count='388' iicount='388' level='3' stamp='0.039'>
<phase name='buildIR' stamp='0.039'>
<klass id='806' name='[C' flags='1041'/>
<type id='707' name='int'/>
<klass id='817' name='java/util/Arrays' flags='1'/>
<method id='818' holder='817' name='copyOfRange' return='806' arguments='806 707 707' flags='9' bytes='63' iicount='395'/>
<parse method='818'  stamp='0.039'>
<bc code='183' bci='16'/>
<type id='709' name='void'/>
<klass id='780' name='java/lang/StringBuilder' flags='17'/>
<method id='821' holder='780' name='&lt;init&gt;' return='709' flags='1' bytes='7' iicount='98'/>
<call method='821' instr='invokespecial'/>
<inline_success reason='receiver is statically known'/>
<parse method='821'>
<bc code='183' bci='3'/>
<klass id='778' name='java/lang/AbstractStringBuilder' flags='1024'/>
<method id='823' holder='778' name='&lt;init&gt;' return='709' arguments='707' flags='0' bytes='12' iicount='136'/>
<call method='823' instr='invokespecial'/>
<inline_success reason='receiver is statically known'/>
<parse method='823'>
<bc code='183' bci='1'/>
<klass id='714' name='java/lang/Object' flags='1'/>
<method id='825' holder='714' name='&lt;init&gt;' return='709' flags='1' bytes='1' compile_id='11' compiler='C1' level='1' iicount='1557'/>
<call method='825' instr='invokespecial'/>
<inline_success reason='receiver is statically known'/>
<parse method='825'>
<parse_done stamp='0.039'/>
</parse>
<parse_done stamp='0.039'/>
</parse>
<parse_done stamp='0.039'/>
</parse>
<bc code='182' bci='20'/>
<method id='827' holder='780' name='append' return='780' arguments='707' flags='1' bytes='8' iicount='1'/>
<call method='827' instr='invokevirtual'/>
<inline_success reason='receiver is statically known'/>
<parse method='827'>
<bc code='183' bci='2'/>
<method id='829' holder='778' name='append' return='778' arguments='707' flags='1' bytes='62' iicount='1'/>
<call method='829' instr='invokespecial'/>
<inline_fail reason='callee is too large'/>
<parse_done stamp='0.039'/>
</parse>
<bc code='182' bci='25'/>
<klass id='715' name='java/lang/String' flags='17'/>
<method id='832' holder='780' name='append' return='780' arguments='715' flags='1' bytes='8' iicount='219'/>
<call method='832' instr='invokevirtual'/>
<inline_success reason='receiver is statically known'/>
<parse method='832'>
<bc code='183' bci='2'/>
<method id='834' holder='778' name='append' return='778' arguments='715' flags='1' bytes='50' iicount='255'/>
<call method='834' instr='invokespecial'/>
<inline_fail reason='callee is too large'/>
<parse_done stamp='0.039'/>
</parse>
<bc code='182' bci='29'/>
<call method='827' instr='invokevirtual'/>
<inline_success reason='receiver is statically known'/>
<parse method='827'>
<bc code='183' bci='2'/>
<call method='829' instr='invokespecial'/>
<inline_fail reason='callee is too large'/>
<parse_done stamp='0.039'/>
</parse>
<bc code='182' bci='32'/>
<method id='836' holder='780' name='toString' return='715' flags='1' bytes='17' iicount='109'/>
<call method='836' instr='invokevirtual'/>
<inline_success reason='receiver is statically known'/>
<parse method='836'>
<bc code='183' bci='13'/>
<method id='838' holder='715' name='&lt;init&gt;' return='709' arguments='806 707 707' flags='1' bytes='62' iicount='442'/>
<call method='838' instr='invokespecial'/>
<inline_fail reason='callee is too large'/>
<parse_done stamp='0.039'/>
</parse>
<bc code='183' bci='35'/>
<klass id='820' name='java/lang/IllegalArgumentException' flags='1'/>
<method id='840' holder='820' name='&lt;init&gt;' return='709' arguments='715' flags='1' bytes='6' iicount='1'/>
<call method='840' instr='invokespecial'/>
<inline_fail reason='don&apos;t inline Throwable constructors'/>
<bc code='184' bci='54'/>
<klass id='842' name='java/lang/Math' flags='17'/>
<method id='843' holder='842' name='min' return='707' arguments='707 707' flags='9' bytes='11' compile_id='15' compiler='C1' level='3' iicount='741'/>
<call method='843' instr='invokestatic'/>
<inline_success reason='receiver is statically known'/>
<parse method='843'>
<parse_done stamp='0.039'/>
</parse>
<bc code='184' bci='57'/>
<klass id='720' name='java/lang/System' flags='17'/>
<method id='845' holder='720' name='arraycopy' return='709' arguments='714 707 714 707 707' flags='265' bytes='0' compile_id='9' compile_kind='c2n' level='0' iicount='640'/>
<call method='845' instr='invokestatic'/>
<inline_success reason='intrinsic'/>
<parse_done stamp='0.039'/>
</parse>
<phase name='optimize_blocks' stamp='0.039'>
<phase_done name='optimize_blocks' stamp='0.039'/>
</phase>
<phase name='rangeCheckElimination' stamp='0.039'>
<phase_done name='rangeCheckElimination' stamp='0.039'/>
</phase>
<phase name='optimize_null_checks' stamp='0.039'>
<phase_done name='optimize_null_checks' stamp='0.039'/>
</phase>
<phase_done name='buildIR' stamp='0.039'/>
</phase>
<phase name='emit_lir' stamp='0.039'>
<phase name='lirGeneration' stamp='0.039'>
<phase_done name='lirGeneration' stamp='0.039'/>
</phase>
<phase name='linearScan' stamp='0.039'>
<phase_done name='linearScan' stamp='0.039'/>
</phase>
<phase_done name='emit_lir' stamp='0.039'/>
</phase>
<phase name='codeemit' stamp='0.039'>
<phase_done name='codeemit' stamp='0.040'/>
</phase>
<phase name='codeinstall' stamp='0.040'>
<phase_done name='codeinstall' stamp='0.040'/>
</phase>
<code_cache total_blobs='243' nmethods='18' adapters='140' free_code_cache='250547264'/>
<task_done success='1' nmsize='2872' count='481' inlined_bytes='72' stamp='0.040'/>
</task>
<task compile_id='19' method='java/io/BufferedReader readLine (Z)Ljava/lang/String;' bytes='304' count='163' backedge_count='3267' iicount='163' level='3' stamp='0.040'>
<phase name='buildIR' stamp='0.040'>
<klass id='715' name='java/lang/String' flags='17'/>
<type id='701' name='boolean'/>
<klass id='817' name='java/io/BufferedReader' flags='1'/>
<method id='818' holder='817' name='readLine' return='715' arguments='701' flags='0' bytes='304' iicount='163'/>
<parse method='818'  stamp='0.040'>
<bc code='183' bci='11'/>
<type id='709' name='void'/>
<method id='821' holder='817' name='ensureOpen' return='709' flags='2' bytes='18' iicount='163'/>
<call method='821' instr='invokespecial'/>
<dependency type='leaf_type' ctxk='817'/>
<inline_success reason='receiver is statically known'/>
<parse method='821'>
<bc code='183' bci='13'/>
<klass id='823' name='java/io/IOException' unloaded='1'/>
<method id='825' holder='823' name='&lt;init&gt;' return='709' arguments='715' unloaded='1'/>
<call method='825' instr='invokespecial'/>
<inline_fail reason='not inlineable'/>
<parse_done stamp='0.040'/>
</parse>
<bc code='183' bci='44'/>
<method id='826' holder='817' name='fill' return='709' flags='2' bytes='170' iicount='4'/>
<call method='826' instr='invokespecial'/>
<dependency type='leaf_type' ctxk='817'/>
<inline_fail reason='callee is too large'/>
<bc code='182' bci='63'/>
<type id='707' name='int'/>
<klass id='779' name='java/lang/StringBuffer' flags='17'/>
<method id='828' holder='779' name='length' return='707' flags='33' bytes='5' iicount='3'/>
<call method='828' instr='invokevirtual'/>
<inline_success reason='receiver is statically known'/>
<parse method='828'>
<parse_done stamp='0.040'/>
</parse>
<bc code='182' bci='70'/>
<method id='830' holder='779' name='toString' return='715' flags='33' bytes='36' iicount='25'/>
<call method='830' instr='invokevirtual'/>
<inline_fail reason='callee is too large'/>
<bc code='183' bci='208'/>
<klass id='806' name='[C' flags='1041'/>
<method id='832' holder='715' name='&lt;init&gt;' return='709' arguments='806 707 707' flags='1' bytes='62' iicount='471'/>
<call method='832' instr='invokespecial'/>
<inline_fail reason='callee is too large'/>
<bc code='182' bci='226'/>
<method id='834' holder='779' name='append' return='779' arguments='806 707 707' flags='33' bytes='15' iicount='2'/>
<call method='834' instr='invokevirtual'/>
<inline_success reason='receiver is statically known'/>
<parse method='834'>
<bc code='183' bci='9'/>
<klass id='778' name='java/lang/AbstractStringBuilder' flags='1024'/>
<method id='836' holder='778' name='append' return='778' arguments='806 707 707' flags='1' bytes='40' iicount='2'/>
<call method='836' instr='invokespecial'/>
<inline_fail reason='callee is too large'/>
<parse_done stamp='0.040'/>
</parse>
<bc code='182' bci='231'/>
<call method='830' instr='invokevirtual'/>
<inline_fail reason='callee is too large'/>
<bc code='183' bci='275'/>
<method id='839' holder='779' name='&lt;init&gt;' return='709' arguments='707' flags='1' bytes='6' iicount='27'/>
<call method='839' instr='invokespecial'/>
<inline_success reason='receiver is statically known'/>
<parse method='839'>
<bc code='183' bci='2'/>
<method id='841' holder='778' name='&lt;init&gt;' return='709' arguments='707' flags='0' bytes='12' iicount='147'/>
<call method='841' instr='invokespecial'/>
<inline_success reason='receiver is statically known'/>
<parse method='841'>
<bc code='183' bci='1'/>
<klass id='714' name='java/lang/Object' flags='1'/>
<method id='843' holder='714' name='&lt;init&gt;' return='709' flags='1' bytes='1' compile_id='11' compiler='C1' level='1' iicount='1557'/>
<call method='843' instr='invokespecial'/>
<inline_success reason='receiver is statically known'/>
<parse method='843'>
<parse_done stamp='0.040'/>
</parse>
<parse_done stamp='0.040'/>
</parse>
<parse_done stamp='0.040'/>
</parse>
<bc code='182' bci='289'/>
<call method='834' instr='invokevirtual'/>
<inline_success reason='receiver is statically known'/>
<parse method='834'>
<bc code='183' bci='9'/>
<call method='836' instr='invokespecial'/>
<inline_fail reason='callee is too large'/>
<parse_done stamp='0.040'/>
</parse>
<parse_done stamp='0.040'/>
</parse>
<phase name='optimize_blocks' stamp='0.040'>
<phase_done name='optimize_blocks' stamp='0.040'/>
</phase>
<phase name='rangeCheckElimination' stamp='0.040'>
<phase_done name='rangeCheckElimination' stamp='0.040'/>
</phase>
<phase name='optimize_null_checks' stamp='0.040'>
<phase_done name='optimize_null_checks' stamp='0.040'/>
</phase>
<phase_done name='buildIR' stamp='0.040'/>
</phase>
<phase name='emit_lir' stamp='0.040'>
<phase name='lirGeneration' stamp='0.040'>
<phase_done name='lirGeneration' stamp='0.040'/>
</phase>
<phase name='linearScan' stamp='0.040'>
<phase_done name='linearScan' stamp='0.040'/>
</phase>
<phase_done name='emit_lir' stamp='0.040'/>
</phase>
<phase name='codeemit' stamp='0.040'>
<phase_done name='codeemit' stamp='0.040'/>
</phase>
<phase name='codeinstall' stamp='0.040'>
<dependency type='leaf_type' ctxk='817'/>
<phase_done name='codeinstall' stamp='0.041'/>
</phase>
<code_cache total_blobs='245' nmethods='20' adapters='140' free_code_cache='250536320'/>
<task_done success='1' nmsize='5960' count='163' backedge_count='3267' inlined_bytes='72' stamp='0.041'/>
</task>
<task compile_id='22' method='java/lang/String indexOf (II)I' bytes='70' count='204' backedge_count='6092' iicount='204' level='3' stamp='0.041'>
<phase name='buildIR' stamp='0.041'>
<type id='707' name='int'/>
<klass id='715' name='java/lang/String' flags='17'/>
<method id='817' holder='715' name='indexOf' return='707' arguments='707 707' flags='1' bytes='70' iicount='204'/>
<parse method='817'  stamp='0.041'>
<bc code='183' bci='66'/>
<method id='819' holder='715' name='indexOfSupplementary' return='707' arguments='707 707' flags='2' bytes='71' iicount='1'/>
<call method='819' instr='invokespecial'/>
<inline_fail reason='callee is too large'/>
<parse_done stamp='0.041'/>
</parse>
<phase name='optimize_blocks' stamp='0.041'>
<phase_done name='optimize_blocks' stamp='0.041'/>
</phase>
<phase name='rangeCheckElimination' stamp='0.041'>
<phase_done name='rangeCheckElimination' stamp='0.041'/>
</phase>
<phase name='optimize_null_checks' stamp='0.041'>
<phase_done name='optimize_null_checks' stamp='0.041'/>
</phase>
<phase_done name='buildIR' stamp='0.041'/>
</phase>
<phase name='emit_lir' stamp='0.041'>
<phase name='lirGeneration' stamp='0.041'>
<phase_done name='lirGeneration' stamp='0.041'/>
</phase>
<phase name='linearScan' stamp='0.041'>
<phase_done name='linearScan' stamp='0.041'/>
</phase>
<phase_done name='emit_lir' stamp='0.041'/>
</phase>
<phase name='codeemit' stamp='0.041'>
<phase_done name='codeemit' stamp='0.041'/>
</phase>
<phase name='codeinstall' stamp='0.041'>
<phase_done name='codeinstall' stamp='0.041'/>
</phase>
<code_cache total_blobs='246' nmethods='21' adapters='140' free_code_cache='250534656'/>
<task_done success='1' nmsize='936' count='208' backedge_count='6215' stamp='0.041'/>
</task>
<task compile_id='20' method='java/lang/String &lt;init&gt; ([CII)V' bytes='62' count='506' iicount='506' level='3' stamp='0.041'>
<phase name='buildIR' stamp='0.041'>
<type id='709' name='void'/>
<klass id='806' name='[C' flags='1041'/>
<type id='707' name='int'/>
<klass id='715' name='java/lang/String' flags='17'/>
<method id='817' holder='715' name='&lt;init&gt;' return='709' arguments='806 707 707' flags='1' bytes='62' iicount='506'/>
<parse method='817'  stamp='0.041'>
<bc code='183' bci='1'/>
<klass id='714' name='java/lang/Object' flags='1'/>
<method id='819' holder='714' name='&lt;init&gt;' return='709' flags='1' bytes='1' compile_id='11' compiler='C1' level='1' iicount='1557'/>
<call method='819' instr='invokespecial'/>
<inline_success reason='receiver is statically known'/>
<parse method='819'>
<parse_done stamp='0.041'/>
</parse>
<bc code='183' bci='13'/>
<klass id='821' name='java/lang/StringIndexOutOfBoundsException' unloaded='1'/>
<method id='822' holder='821' name='&lt;init&gt;' return='709' arguments='707' unloaded='1'/>
<call method='822' instr='invokespecial'/>
<inline_fail reason='not inlineable'/>
<bc code='183' bci='26'/>
<call method='822' instr='invokespecial'/>
<inline_fail reason='not inlineable'/>
<bc code='183' bci='45'/>
<call method='822' instr='invokespecial'/>
<inline_fail reason='not inlineable'/>
<bc code='184' bci='55'/>
<klass id='823' name='java/util/Arrays' flags='1'/>
<method id='824' holder='823' name='copyOfRange' return='806' arguments='806 707 707' flags='9' bytes='63' compile_id='18' compiler='C1' level='3' iicount='541'/>
<call method='824' instr='invokestatic'/>
<inline_fail reason='callee is too large'/>
<parse_done stamp='0.041'/>
</parse>
<phase name='optimize_blocks' stamp='0.041'>
<phase_done name='optimize_blocks' stamp='0.041'/>
</phase>
<phase name='rangeCheckElimination' stamp='0.041'>
<phase_done name='rangeCheckElimination' stamp='0.041'/>
</phase>
<phase name='optimize_null_checks' stamp='0.041'>
<phase_done name='optimize_null_checks' stamp='0.041'/>
</phase>
<phase_done name='buildIR' stamp='0.041'/>
</phase>
<phase name='emit_lir' stamp='0.041'>
<phase name='lirGeneration' stamp='0.041'>
<phase_done name='lirGeneration' stamp='0.041'/>
</phase>
<phase name='linearScan' stamp='0.041'>
<phase_done name='linearScan' stamp='0.041'/>
</phase>
<phase_done name='emit_lir' stamp='0.041'/>
</phase>
<phase name='codeemit' stamp='0.041'>
<phase_done name='codeemit' stamp='0.041'/>
</phase>
<phase name='codeinstall' stamp='0.041'>
<phase_done name='codeinstall' stamp='0.041'/>
</phase>
<code_cache total_blobs='247' nmethods='22' adapters='140' free_code_cache='250532608'/>
<task_done success='1' nmsize='1080' count='518' inlined_bytes='1' stamp='0.041'/>
</task>
<task compile_id='23' method='java/lang/String getChars (II[CI)V' bytes='62' count='401' iicount='401' level='3' stamp='0.041'>
<phase name='buildIR' stamp='0.041'>
<type id='709' name='void'/>
<type id='707' name='int'/>
<klass id='806' name='[C' flags='1041'/>
<klass id='715' name='java/lang/String' flags='17'/>
<method id='817' holder='715' name='getChars' return='709' arguments='707 707 806 707' flags='1' bytes='62' iicount='401'/>
<parse method='817'  stamp='0.041'>
<bc code='183' bci='9'/>
<klass id='819' name='java/lang/StringIndexOutOfBoundsException' unloaded='1'/>
<method id='820' holder='819' name='&lt;init&gt;' return='709' arguments='707' unloaded='1'/>
<call method='820' instr='invokespecial'/>
<inline_fail reason='not inlineable'/>
<bc code='183' bci='27'/>
<call method='820' instr='invokespecial'/>
<inline_fail reason='not inlineable'/>
<bc code='183' bci='43'/>
<call method='820' instr='invokespecial'/>
<inline_fail reason='not inlineable'/>
<bc code='184' bci='58'/>
<klass id='714' name='java/lang/Object' flags='1'/>
<klass id='720' name='java/lang/System' flags='17'/>
<method id='821' holder='720' name='arraycopy' return='709' arguments='714 707 714 707 707' flags='265' bytes='0' compile_id='9' compile_kind='c2n' level='0' iicount='640'/>
<call method='821' instr='invokestatic'/>
<inline_success reason='intrinsic'/>
<parse_done stamp='0.041'/>
</parse>
<phase name='optimize_blocks' stamp='0.041'>
<phase_done name='optimize_blocks' stamp='0.041'/>
</phase>
<phase name='rangeCheckElimination' stamp='0.041'>
<phase_done name='rangeCheckElimination' stamp='0.041'/>
</phase>
<phase name='optimize_null_checks' stamp='0.041'>
<phase_done name='optimize_null_checks' stamp='0.041'/>
</phase>
<phase_done name='buildIR' stamp='0.041'/>
</phase>
<phase name='emit_lir' stamp='0.041'>
<phase name='lirGeneration' stamp='0.041'>
<phase_done name='lirGeneration' stamp='0.041'/>
</phase>
<phase name='linearScan' stamp='0.041'>
<phase_done name='linearScan' stamp='0.041'/>
</phase>
<phase_done name='emit_lir' stamp='0.041'/>
</phase>
<phase name='codeemit' stamp='0.041'>
<phase_done name='codeemit' stamp='0.041'/>
</phase>
<phase name='codeinstall' stamp='0.041'>
<phase_done name='codeinstall' stamp='0.041'/>
</phase>
<code_cache total_blobs='248' nmethods='23' adapters='140' free_code_cache='250530560'/>
<task_done success='1' nmsize='1080' count='402' stamp='0.041'/>
</task>
<task compile_id='24' method='java/io/File getPath ()Ljava/lang/String;' bytes='5' count='129' iicount='129' level='1' stamp='0.041'>
<phase name='buildIR' stamp='0.041'>
<klass id='715' name='java/lang/String' flags='17'/>
<klass id='784' name='java/io/File' flags='1'/>
<method id='817' holder='784' name='getPath' return='715' flags='1' bytes='5' iicount='129'/>
<parse method='817'  stamp='0.041'>
<parse_done stamp='0.041'/>
</parse>
<phase name='optimize_blocks' stamp='0.041'>
<phase_done name='optimize_blocks' stamp='0.041'/>
</phase>
<phase name='rangeCheckElimination' stamp='0.041'>
<phase_done name='rangeCheckElimination' stamp='0.041'/>
</phase>
<phase name='optimize_null_checks' stamp='0.041'>
<phase_done name='optimize_null_checks' stamp='0.041'/>
</phase>
<phase_done name='buildIR' stamp='0.041'/>
</phase>
<phase name='emit_lir' stamp='0.041'>
<phase name='lirGeneration' stamp='0.041'>
<phase_done name='lirGeneration' stamp='0.041'/>
</phase>
<phase name='linearScan' stamp='0.041'>
<phase_done name='linearScan' stamp='0.041'/>
</phase>
<phase_done name='emit_lir' stamp='0.041'/>
</phase>
<phase name='codeemit' stamp='0.041'>
<phase_done name='codeemit' stamp='0.041'/>
</phase>
<phase name='codeinstall' stamp='0.041'>
<phase_done name='codeinstall' stamp='0.041'/>
</phase>
<code_cache total_blobs='249' nmethods='24' adapters='140' free_code_cache='250529856'/>
<task_done success='1' nmsize='272' count='132' stamp='0.041'/>
</task>
<task compile_id='25' method='java/lang/Character toLowerCase (C)C' bytes='6' count='259' iicount='259' level='3' stamp='0.041'>
<phase name='buildIR' stamp='0.041'>
<type id='702' name='char'/>
<klass id='795' name='java/lang/Character' flags='17'/>
<method id='817' holder='795' name='toLowerCase' return='702' arguments='702' flags='9' bytes='6' iicount='260'/>
<parse method='817'  stamp='0.041'>
<bc code='184' bci='1'/>
<type id='707' name='int'/>
<method id='819' holder='795' name='toLowerCase' return='707' arguments='707' flags='9' bytes='9' compile_id='7' compiler='C1' level='3' iicount='2427'/>
<call method='819' instr='invokestatic'/>
<inline_success reason='receiver is statically known'/>
<parse method='819'>
<bc code='184' bci='1'/>
<klass id='822' name='java/lang/CharacterData' flags='1024'/>
<method id='823' holder='822' name='of' return='822' arguments='707' flags='24' bytes='120' compile_id='5' compiler='C1' level='3' iicount='2471'/>
<call method='823' instr='invokestatic'/>
<inline_fail reason='callee is too large'/>
<bc code='182' bci='5'/>
<method id='825' holder='822' name='toLowerCase' return='707' arguments='707' flags='1024' bytes='0' iicount='1'/>
<call method='825' instr='invokevirtual'/>
<inline_fail reason='no static binding'/>
<parse_done stamp='0.041'/>
</parse>
<parse_done stamp='0.041'/>
</parse>
<phase name='optimize_blocks' stamp='0.041'>
<phase_done name='optimize_blocks' stamp='0.041'/>
</phase>
<phase name='rangeCheckElimination' stamp='0.041'>
<phase_done name='rangeCheckElimination' stamp='0.041'/>
</phase>
<phase name='optimize_null_checks' stamp='0.041'>
<phase_done name='optimize_null_checks' stamp='0.041'/>
</phase>
<phase_done name='buildIR' stamp='0.041'/>
</phase>
<phase name='emit_lir' stamp='0.041'>
<phase name='lirGeneration' stamp='0.041'>
<phase_done name='lirGeneration' stamp='0.041'/>
</phase>
<phase name='linearScan' stamp='0.041'>
<phase_done name='linearScan' stamp='0.041'/>
</phase>
<phase_done name='emit_lir' stamp='0.041'/>
</phase>
<phase name='codeemit' stamp='0.041'>
<phase_done name='codeemit' stamp='0.041'/>
</phase>
<phase name='codeinstall' stamp='0.041'>
<phase_done name='codeinstall' stamp='0.041'/>
</phase>
<code_cache total_blobs='250' nmethods='25' adapters='140' free_code_cache='250528512'/>
<task_done success='1' nmsize='664' count='276' inlined_bytes='9' stamp='0.041'/>
</task>
<task compile_id='26' method='java/lang/String toLowerCase (Ljava/util/Locale;)Ljava/lang/String;' bytes='439' count='129' backedge_count='2481' iicount='129' level='3' stamp='0.042'>
<phase name='buildIR' stamp='0.042'>
<klass id='715' name='java/lang/String' flags='17'/>
<klass id='817' name='java/util/Locale' flags='17'/>
<method id='818' holder='715' name='toLowerCase' return='715' arguments='817' flags='1' bytes='439' iicount='129'/>
<parse method='818'  stamp='0.042'>
<bc code='183' bci='8'/>
<type id='709' name='void'/>
<klass id='813' name='java/lang/NullPointerException' flags='1'/>
<method id='820' holder='813' name='&lt;init&gt;' return='709' flags='1' bytes='5' iicount='1'/>
<call method='820' instr='invokespecial'/>
<inline_fail reason='don&apos;t inline Throwable constructors'/>
<bc code='182' bci='49'/>
<type id='707' name='int'/>
<method id='822' holder='715' name='codePointAt' return='707' arguments='707' flags='1' bytes='36' iicount='1'/>
<call method='822' instr='invokevirtual'/>
<inline_fail reason='callee is too large'/>
<bc code='184' bci='58'/>
<klass id='795' name='java/lang/Character' flags='17'/>
<method id='824' holder='795' name='toLowerCase' return='707' arguments='707' flags='9' bytes='9' compile_id='7' compiler='C1' level='3' iicount='2529'/>
<call method='824' instr='invokestatic'/>
<inline_success reason='receiver is statically known'/>
<parse method='824'>
<bc code='184' bci='1'/>
<klass id='827' name='java/lang/CharacterData' flags='1024'/>
<method id='828' holder='827' name='of' return='827' arguments='707' flags='24' bytes='120' compile_id='5' compiler='C1' level='3' iicount='2575'/>
<call method='828' instr='invokestatic'/>
<inline_fail reason='callee is too large'/>
<bc code='182' bci='5'/>
<method id='830' holder='827' name='toLowerCase' return='707' arguments='707' flags='1024' bytes='0' iicount='1'/>
<call method='830' instr='invokevirtual'/>
<inline_fail reason='no static binding'/>
<parse_done stamp='0.042'/>
</parse>
<bc code='184' bci='70'/>
<method id='831' holder='795' name='charCount' return='707' arguments='707' flags='9' bytes='12' iicount='2'/>
<call method='831' instr='invokestatic'/>
<inline_success reason='receiver is statically known'/>
<parse method='831'>
<parse_done stamp='0.042'/>
</parse>
<bc code='184' bci='82'/>
<type id='702' name='char'/>
<method id='833' holder='795' name='toLowerCase' return='702' arguments='702' flags='9' bytes='6' compile_id='25' compiler='C1' level='3' iicount='276'/>
<call method='833' instr='invokestatic'/>
<inline_success reason='receiver is statically known'/>
<parse method='833'>
<bc code='184' bci='1'/>
<call method='824' instr='invokestatic'/>
<inline_success reason='receiver is statically known'/>
<parse method='824'>
<bc code='184' bci='1'/>
<call method='828' instr='invokestatic'/>
<inline_fail reason='callee is too large'/>
<bc code='182' bci='5'/>
<call method='830' instr='invokevirtual'/>
<inline_fail reason='no static binding'/>
<parse_done stamp='0.042'/>
</parse>
<parse_done stamp='0.042'/>
</parse>
<bc code='184' bci='116'/>
<klass id='714' name='java/lang/Object' flags='1'/>
<klass id='720' name='java/lang/System' flags='17'/>
<method id='835' holder='720' name='arraycopy' return='709' arguments='714 707 714 707 707' flags='265' bytes='0' compile_id='9' compile_kind='c2n' level='0' iicount='640'/>
<call method='835' instr='invokestatic'/>
<inline_success reason='intrinsic'/>
<bc code='182' bci='120'/>
<method id='837' holder='817' name='getLanguage' return='715' flags='1' bytes='8' iicount='46'/>
<call method='837' instr='invokevirtual'/>
<inline_success reason='receiver is statically known'/>
<parse method='837'>
<bc code='182' bci='4'/>
<klass id='839' name='sun/util/locale/BaseLocale' flags='17'/>
<method id='840' holder='839' name='getLanguage' return='715' flags='1' bytes='5' iicount='46'/>
<call method='840' instr='invokevirtual'/>
<inline_success reason='receiver is statically known'/>
<parse method='840'>
<parse_done stamp='0.042'/>
</parse>
<parse_done stamp='0.042'/>
</parse>
<bc code='182' bci='190'/>
<call method='822' instr='invokevirtual'/>
<inline_fail reason='callee is too large'/>
<bc code='184' bci='197'/>
<call method='831' instr='invokestatic'/>
<inline_success reason='receiver is statically known'/>
<parse method='831'>
<parse_done stamp='0.042'/>
</parse>
<bc code='184' bci='243'/>
<call method='824' instr='invokestatic'/>
<inline_success reason='receiver is statically known'/>
<parse method='824'>
<bc code='184' bci='1'/>
<call method='828' instr='invokestatic'/>
<inline_fail reason='callee is too large'/>
<bc code='182' bci='5'/>
<call method='830' instr='invokevirtual'/>
<inline_fail reason='no static binding'/>
<parse_done stamp='0.042'/>
</parse>
<bc code='184' bci='233'/>
<klass id='845' name='java/lang/ConditionalSpecialCasing' unloaded='1'/>
<method id='846' holder='845' name='toLowerCaseEx' return='707' arguments='715 707 817' unloaded='1'/>
<call method='846' instr='invokestatic'/>
<inline_fail reason='not inlineable'/>
<bc code='184' bci='271'/>
<klass id='806' name='[C' flags='1041'/>
<method id='847' holder='845' name='toLowerCaseCharArray' return='806' arguments='715 707 817' unloaded='1'/>
<call method='847' instr='invokestatic'/>
<inline_fail reason='not inlineable'/>
<bc code='184' bci='296'/>
<method id='848' holder='795' name='toChars' return='707' arguments='707 806 707' flags='9' bytes='37' iicount='1'/>
<call method='848' instr='invokestatic'/>
<inline_fail reason='callee is too large'/>
<bc code='184' bci='310'/>
<method id='850' holder='795' name='toChars' return='806' arguments='707' flags='9' bytes='43' iicount='1'/>
<call method='850' instr='invokestatic'/>
<inline_fail reason='callee is too large'/>
<bc code='184' bci='351'/>
<call method='835' instr='invokestatic'/>
<inline_success reason='intrinsic'/>
<bc code='183' bci='435'/>
<method id='852' holder='715' name='&lt;init&gt;' return='709' arguments='806 707 707' flags='1' bytes='62' compile_id='20' compiler='C1' level='3' iicount='554'/>
<call method='852' instr='invokespecial'/>
<inline_fail reason='callee is too large'/>
<parse_done stamp='0.042'/>
</parse>
<phase name='optimize_blocks' stamp='0.042'>
<phase_done name='optimize_blocks' stamp='0.042'/>
</phase>
<phase name='rangeCheckElimination' stamp='0.042'>
<phase_done name='rangeCheckElimination' stamp='0.042'/>
</phase>
<phase name='optimize_null_checks' stamp='0.042'>
<phase_done name='optimize_null_checks' stamp='0.042'/>
</phase>
<phase_done name='buildIR' stamp='0.042'/>
</phase>
<phase name='emit_lir' stamp='0.042'>
<phase name='lirGeneration' stamp='0.042'>
<phase_done name='lirGeneration' stamp='0.042'/>
</phase>
<phase name='linearScan' stamp='0.042'>
<phase_done name='linearScan' stamp='0.042'/>
</phase>
<phase_done name='emit_lir' stamp='0.042'/>
</phase>
<phase name='codeemit' stamp='0.042'>
<phase_done name='codeemit' stamp='0.042'/>
</phase>
<phase name='codeinstall' stamp='0.042'>
<phase_done name='codeinstall' stamp='0.042'/>
</phase>
<code_cache total_blobs='252' nmethods='26' adapters='141' free_code_cache='250517120'/>
<task_done success='1' nmsize='6232' count='129' backedge_count='2481' inlined_bytes='70' stamp='0.042'/>
</task>
<task compile_id='27' method='java/lang/System getSecurityManager ()Ljava/lang/SecurityManager;' bytes='4' count='256' iicount='256' level='3' stamp='0.042'>
<phase name='buildIR' stamp='0.042'>
<klass id='726' name='java/lang/SecurityManager' flags='1'/>
<klass id='720' name='java/lang/System' flags='17'/>
<method id='817' holder='720' name='getSecurityManager' return='726' flags='9' bytes='4' iicount='256'/>
<parse method='817'  stamp='0.042'>
<parse_done stamp='0.042'/>
</parse>
<phase name='optimize_blocks' stamp='0.042'>
<phase_done name='optimize_blocks' stamp='0.042'/>
</phase>
<phase name='rangeCheckElimination' stamp='0.042'>
<phase_done name='rangeCheckElimination' stamp='0.042'/>
</phase>
<phase name='optimize_null_checks' stamp='0.042'>
<phase_done name='optimize_null_checks' stamp='0.042'/>
</phase>
<phase_done name='buildIR' stamp='0.042'/>
</phase>
<phase name='emit_lir' stamp='0.042'>
<phase name='lirGeneration' stamp='0.042'>
<phase_done name='lirGeneration' stamp='0.042'/>
</phase>
<phase name='linearScan' stamp='0.042'>
<phase_done name='linearScan' stamp='0.042'/>
</phase>
<phase_done name='emit_lir' stamp='0.042'/>
</phase>
<phase name='codeemit' stamp='0.042'>
<phase_done name='codeemit' stamp='0.042'/>
</phase>
<phase name='codeinstall' stamp='0.042'>
<phase_done name='codeinstall' stamp='0.042'/>
</phase>
<code_cache total_blobs='253' nmethods='27' adapters='141' free_code_cache='250516352'/>
<task_done success='1' nmsize='336' count='256' stamp='0.042'/>
</task>
<task compile_id='28' method='java/lang/AbstractStringBuilder append (Ljava/lang/String;)Ljava/lang/AbstractStringBuilder;' bytes='50' count='383' iicount='383' level='3' stamp='0.043'>
<phase name='buildIR' stamp='0.043'>
<klass id='778' name='java/lang/AbstractStringBuilder' flags='1024'/>
<klass id='715' name='java/lang/String' flags='17'/>
<method id='817' holder='778' name='append' return='778' arguments='715' flags='1' bytes='50' iicount='383'/>
<parse method='817'  stamp='0.043'>
<bc code='183' bci='5'/>
<method id='819' holder='778' name='appendNull' return='778' flags='2' bytes='56' iicount='1'/>
<call method='819' instr='invokespecial'/>
<inline_fail reason='callee is too large'/>
<bc code='182' bci='10'/>
<type id='707' name='int'/>
<method id='821' holder='715' name='length' return='707' flags='1' bytes='6' compile_id='12' compiler='C1' level='3' iicount='1075'/>
<call method='821' instr='invokevirtual'/>
<inline_success reason='receiver is statically known'/>
<parse method='821'>
<parse_done stamp='0.043'/>
</parse>
<bc code='183' bci='21'/>
<type id='709' name='void'/>
<method id='823' holder='778' name='ensureCapacityInternal' return='709' arguments='707' flags='2' bytes='16' compile_id='4' compiler='C1' level='3' iicount='2792'/>
<call method='823' instr='invokespecial'/>
<inline_success reason='receiver is statically known'/>
<parse method='823'>
<bc code='182' bci='12'/>
<method id='825' holder='778' name='expandCapacity' return='709' arguments='707' flags='0' bytes='50' iicount='190'/>
<call method='825' instr='invokevirtual'/>
<dependency type='unique_concrete_method' ctxk='778' x='825'/>
<inline_fail reason='callee is too large'/>
<parse_done stamp='0.043'/>
</parse>
<bc code='182' bci='35'/>
<klass id='806' name='[C' flags='1041'/>
<method id='827' holder='715' name='getChars' return='709' arguments='707 707 806 707' flags='1' bytes='62' compile_id='23' compiler='C1' level='3' iicount='463'/>
<call method='827' instr='invokevirtual'/>
<inline_fail reason='callee is too large'/>
<parse_done stamp='0.043'/>
</parse>
<phase name='optimize_blocks' stamp='0.043'>
<phase_done name='optimize_blocks' stamp='0.043'/>
</phase>
<phase name='rangeCheckElimination' stamp='0.043'>
<phase_done name='rangeCheckElimination' stamp='0.043'/>
</phase>
<phase name='optimize_null_checks' stamp='0.043'>
<phase_done name='optimize_null_checks' stamp='0.043'/>
</phase>
<phase_done name='buildIR' stamp='0.043'/>
</phase>
<phase name='emit_lir' stamp='0.043'>
<phase name='lirGeneration' stamp='0.043'>
<phase_done name='lirGeneration' stamp='0.043'/>
</phase>
<phase name='linearScan' stamp='0.043'>
<phase_done name='linearScan' stamp='0.043'/>
</phase>
<phase_done name='emit_lir' stamp='0.043'/>
</phase>
<phase name='codeemit' stamp='0.043'>
<phase_done name='codeemit' stamp='0.043'/>
</phase>
<phase name='codeinstall' stamp='0.043'>
<dependency type='unique_concrete_method' ctxk='778' x='825'/>
<phase_done name='codeinstall' stamp='0.043'/>
</phase>
<code_cache total_blobs='255' nmethods='28' adapters='142' free_code_cache='250513664'/>
<task_done success='1' nmsize='1288' count='399' inlined_bytes='22' stamp='0.043'/>
</task>
<task compile_id='29' method='java/lang/String startsWith (Ljava/lang/String;I)Z' bytes='72' count='394' backedge_count='898' iicount='394' level='3' stamp='0.043'>
<phase name='buildIR' stamp='0.043'>
<type id='701' name='boolean'/>
<klass id='715' name='java/lang/String' flags='17'/>
<type id='707' name='int'/>
<method id='817' holder='715' name='startsWith' return='701' arguments='715 707' flags='1' bytes='72' iicount='394'/>
<parse method='817'  stamp='0.043'>
<parse_done stamp='0.043'/>
</parse>
<phase name='optimize_blocks' stamp='0.043'>
<phase_done name='optimize_blocks' stamp='0.043'/>
</phase>
<phase name='rangeCheckElimination' stamp='0.043'>
<phase_done name='rangeCheckElimination' stamp='0.043'/>
</phase>
<phase name='optimize_null_checks' stamp='0.043'>
<phase_done name='optimize_null_checks' stamp='0.043'/>
</phase>
<phase_done name='buildIR' stamp='0.043'/>
</phase>
<phase name='emit_lir' stamp='0.043'>
<phase name='lirGeneration' stamp='0.043'>
<phase_done name='lirGeneration' stamp='0.043'/>
</phase>
<phase name='linearScan' stamp='0.043'>
<phase_done name='linearScan' stamp='0.043'/>
</phase>
<phase_done name='emit_lir' stamp='0.043'/>
</phase>
<phase name='codeemit' stamp='0.043'>
<phase_done name='codeemit' stamp='0.043'/>
</phase>
<phase name='codeinstall' stamp='0.043'>
<phase_done name='codeinstall' stamp='0.043'/>
</phase>
<code_cache total_blobs='256' nmethods='29' adapters='142' free_code_cache='250512000'/>
<task_done success='1' nmsize='816' count='564' backedge_count='1218' stamp='0.043'/>
</task>
<task compile_id='30' method='java/lang/String startsWith (Ljava/lang/String;)Z' bytes='7' count='478' iicount='478' level='3' stamp='0.043'>
<phase name='buildIR' stamp='0.043'>
<type id='701' name='boolean'/>
<klass id='715' name='java/lang/String' flags='17'/>
<method id='817' holder='715' name='startsWith' return='701' arguments='715' flags='1' bytes='7' iicount='478'/>
<parse method='817'  stamp='0.043'>
<bc code='182' bci='3'/>
<type id='707' name='int'/>
<method id='819' holder='715' name='startsWith' return='701' arguments='715 707' flags='1' bytes='72' compile_id='29' compiler='C1' level='3' iicount='564'/>
<call method='819' instr='invokevirtual'/>
<inline_fail reason='callee is too large'/>
<parse_done stamp='0.043'/>
</parse>
<phase name='optimize_blocks' stamp='0.043'>
<phase_done name='optimize_blocks' stamp='0.043'/>
</phase>
<phase name='rangeCheckElimination' stamp='0.043'>
<phase_done name='rangeCheckElimination' stamp='0.043'/>
</phase>
<phase name='optimize_null_checks' stamp='0.043'>
<phase_done name='optimize_null_checks' stamp='0.043'/>
</phase>
<phase_done name='buildIR' stamp='0.043'/>
</phase>
<phase name='emit_lir' stamp='0.043'>
<phase name='lirGeneration' stamp='0.043'>
<phase_done name='lirGeneration' stamp='0.043'/>
</phase>
<phase name='linearScan' stamp='0.043'>
<phase_done name='linearScan' stamp='0.043'/>
</phase>
<phase_done name='emit_lir' stamp='0.043'/>
</phase>
<phase name='codeemit' stamp='0.043'>
<phase_done name='codeemit' stamp='0.043'/>
</phase>
<phase name='codeinstall' stamp='0.043'>
<phase_done name='codeinstall' stamp='0.043'/>
</phase>
<code_cache total_blobs='257' nmethods='30' adapters='142' free_code_cache='250510976'/>
<task_done success='1' nmsize='520' count='478' stamp='0.043'/>
</task>
<task compile_id='31' method='java/util/ArrayList size ()I' bytes='5' count='172' iicount='172' level='1' stamp='0.043'>
<phase name='buildIR' stamp='0.043'>
<type id='707' name='int'/>
<klass id='817' name='java/util/ArrayList' flags='1'/>
<method id='818' holder='817' name='size' return='707' flags='1' bytes='5' iicount='172'/>
<parse method='818'  stamp='0.043'>
<parse_done stamp='0.043'/>
</parse>
<phase name='optimize_blocks' stamp='0.043'>
<phase_done name='optimize_blocks' stamp='0.043'/>
</phase>
<phase name='rangeCheckElimination' stamp='0.043'>
<phase_done name='rangeCheckElimination' stamp='0.043'/>
</phase>
<phase name='optimize_null_checks' stamp='0.043'>
<phase_done name='optimize_null_checks' stamp='0.043'/>
</phase>
<phase_done name='buildIR' stamp='0.043'/>
</phase>
<phase name='emit_lir' stamp='0.043'>
<phase name='lirGeneration' stamp='0.043'>
<phase_done name='lirGeneration' stamp='0.043'/>
</phase>
<phase name='linearScan' stamp='0.043'>
<phase_done name='linearScan' stamp='0.043'/>
</phase>
<phase_done name='emit_lir' stamp='0.043'/>
</phase>
<phase name='codeemit' stamp='0.043'>
<phase_done name='codeemit' stamp='0.043'/>
</phase>
<phase name='codeinstall' stamp='0.043'>
<phase_done name='codeinstall' stamp='0.043'/>
</phase>
<code_cache total_blobs='258' nmethods='31' adapters='142' free_code_cache='250510272'/>
<task_done success='1' nmsize='272' count='172' stamp='0.043'/>
</task>
<task compile_id='32' method='java/lang/StringBuilder append (Ljava/lang/String;)Ljava/lang/StringBuilder;' bytes='8' count='359' iicount='359' level='3' stamp='0.043'>
<phase name='buildIR' stamp='0.043'>
<klass id='780' name='java/lang/StringBuilder' flags='17'/>
<klass id='715' name='java/lang/String' flags='17'/>
<method id='817' holder='780' name='append' return='780' arguments='715' flags='1' bytes='8' iicount='359'/>
<parse method='817'  stamp='0.043'>
<bc code='183' bci='2'/>
<klass id='778' name='java/lang/AbstractStringBuilder' flags='1024'/>
<method id='819' holder='778' name='append' return='778' arguments='715' flags='1' bytes='50' compile_id='28' compiler='C1' level='3' iicount='419'/>
<call method='819' instr='invokespecial'/>
<inline_fail reason='callee is too large'/>
<parse_done stamp='0.043'/>
</parse>
<phase name='optimize_blocks' stamp='0.043'>
<phase_done name='optimize_blocks' stamp='0.043'/>
</phase>
<phase name='rangeCheckElimination' stamp='0.043'>
<phase_done name='rangeCheckElimination' stamp='0.043'/>
</phase>
<phase name='optimize_null_checks' stamp='0.043'>
<phase_done name='optimize_null_checks' stamp='0.043'/>
</phase>
<phase_done name='buildIR' stamp='0.043'/>
</phase>
<phase name='emit_lir' stamp='0.043'>
<phase name='lirGeneration' stamp='0.043'>
<phase_done name='lirGeneration' stamp='0.044'/>
</phase>
<phase name='linearScan' stamp='0.044'>
<phase_done name='linearScan' stamp='0.044'/>
</phase>
<phase_done name='emit_lir' stamp='0.044'/>
</phase>
<phase name='codeemit' stamp='0.044'>
<phase_done name='codeemit' stamp='0.044'/>
</phase>
<phase name='codeinstall' stamp='0.044'>
<phase_done name='codeinstall' stamp='0.044'/>
</phase>
<code_cache total_blobs='260' nmethods='32' adapters='143' free_code_cache='250508800'/>
<task_done success='1' nmsize='392' count='359' stamp='0.044'/>
</task>
</compilation_log>
<compilation_log thread='6728'>
<fragment>
<![CDATA[
<start_compile_thread name='C2 CompilerThread2' thread='6728' process='28608' stamp='0.034'/>
]]>
</fragment>
</compilation_log>
<compilation_log thread='27632'>
<start_compile_thread name='C2 CompilerThread0' thread='27632' process='28608' stamp='0.034'/>
<task compile_id='21' method='java/lang/String charAt (I)C' bytes='29' count='5665' iicount='5665' stamp='0.039'>
<phase name='parse' nodes='3' live='3' stamp='0.039'>
<type id='702' name='char'/>
<type id='707' name='int'/>
<klass id='715' name='java/lang/String' flags='17'/>
<method id='817' holder='715' name='charAt' return='702' arguments='707' flags='1' bytes='29' compile_id='3' compiler='C1' level='3' iicount='5665'/>
<klass id='819' name='java/lang/StringIndexOutOfBoundsException' unloaded='1'/>
<uncommon_trap method='817' bci='13' reason='unloaded' action='reinterpret' index='241' klass='819'/>
<parse method='817' uses='5665' stamp='0.039'>
<bc code='155' bci='1'/>
<branch target_bci='13' taken='0' not_taken='5665' cnt='5665' prob='never'/>
<uncommon_trap bci='1' reason='unstable_if' action='reinterpret' comment='taken never'/>
<bc code='190' bci='9'/>
<uncommon_trap bci='9' reason='null_check' action='maybe_recompile'/>
<bc code='161' bci='10'/>
<branch target_bci='22' taken='5665' not_taken='0' cnt='5665' prob='always'/>
<uncommon_trap bci='10' reason='unstable_if' action='reinterpret' comment='taken always'/>
<bc code='52' bci='27'/>
<uncommon_trap bci='27' reason='range_check' action='make_not_entrant' comment='range_check'/>
<parse_done nodes='99' live='94' memory='32680' stamp='0.039'/>
</parse>
<phase_done name='parse' nodes='100' live='62' stamp='0.039'/>
</phase>
<phase name='optimizer' nodes='100' live='62' stamp='0.039'>
<phase name='ccp' nodes='100' live='62' stamp='0.040'>
<phase_done name='ccp' nodes='100' live='62' stamp='0.040'/>
</phase>
<phase name='idealLoop' nodes='100' live='62' stamp='0.040'>
<phase_done name='idealLoop' nodes='100' live='62' stamp='0.040'/>
</phase>
<phase_done name='optimizer' nodes='104' live='63' stamp='0.040'/>
</phase>
<phase name='matcher' nodes='104' live='63' stamp='0.040'>
<phase_done name='matcher' nodes='55' live='55' stamp='0.040'/>
</phase>
<phase name='regalloc' nodes='70' live='70' stamp='0.040'>
<regalloc attempts='1' success='1'/>
<phase_done name='regalloc' nodes='80' live='75' stamp='0.040'/>
</phase>
<phase name='output' nodes='80' live='75' stamp='0.040'>
<phase_done name='output' nodes='93' live='85' stamp='0.040'/>
</phase>
<code_cache total_blobs='245' nmethods='19' adapters='140' free_code_cache='250541120'/>
<task_done success='1' nmsize='216' count='6098' stamp='0.040'/>
</task>
</compilation_log>
<hotspot_log_done stamp='0.046'/>
</hotspot_log>
